Log file open, 10/28/14 14:38:15
LogInit:Display: Running engine for game: ProjetOculusJDFZ
LogInit: Version: 4.5.1-2336687+++depot+UE4-Releases+4.5
LogInit: API Version: 2326478
LogInit: Compiled (64-bit): Oct 21 2014 22:32:40
LogInit: Compiled with Visual C++: 18.00.21005.01
LogInit: Build Configuration: Development
LogInit: Branch Name: ++depot+UE4-Releases+4.5
LogInit: Command line: 
LogInit: Base directory: E:/programme/Epic Games/4.5/Engine/Binaries/Win64/
LogInit: Rocket: 1
[2014.10.28-13.38.15:307][  0]LogTaskGraph: Started task graph with 3 named threads and 4 total threads.
[2014.10.28-13.38.15:345][  0]LogOnline:Warning: No default platform service specified for OnlineSubsystem
[2014.10.28-13.38.15:371][  0]LogInit: Presizing for 0 objects not considered by GC, pre-allocating 0 bytes.
[2014.10.28-13.38.15:379][  0]LogInit: Object subsystem initialized
[2014.10.28-13.38.15:382][  0]LogConsoleResponse:Warning: Skipping Unknown console variable: 'UIScaleRule = ShortestSide'
[2014.10.28-13.38.15:382][  0]LogConsoleResponse:Warning:   Found in ini file 'E:/Data/EPFL/Projet-bachelor/projet-oculus/ProjetOculusJDFZ/Saved/Config/Windows/Engine.ini', in section '[/Script/Engine.RendererSettings]'
[2014.10.28-13.38.15:382][  0]LogConsoleResponse:Warning: Skipping Unknown console variable: 'UIScaleCurve = (EditorCurveData=(Keys=((Time=480.000000,Value=0.444000),(Time=720.000000,Value=0.666000),(Time=1080.000000,Value=1.000000),(Time=8640.000000,Value=8.000000))),ExternalCurve=None)'
[2014.10.28-13.38.15:382][  0]LogConsoleResponse:Warning:   Found in ini file 'E:/Data/EPFL/Projet-bachelor/projet-oculus/ProjetOculusJDFZ/Saved/Config/Windows/Engine.ini', in section '[/Script/Engine.RendererSettings]'
[2014.10.28-13.38.15:383][  0]LogInit: Selected Device Profile: [Windows]
[2014.10.28-13.38.15:383][  0]LogInit: Applying CVar settings loaded from the selected device profile: [Windows]
[2014.10.28-13.38.15:388][  0]LogInit: Computer: WALONO-TOUR
[2014.10.28-13.38.15:388][  0]LogInit: User: Walono
[2014.10.28-13.38.15:389][  0]LogInit: CPU Page size=4096, Cores=4
[2014.10.28-13.38.15:389][  0]LogInit: High frequency timer resolution =3.904023 MHz
[2014.10.28-13.38.15:389][  0]LogMemory: Memory total: Physical=7.9GB (8GB approx) Virtual=8192.0GB
[2014.10.28-13.38.15:390][  0]LogMemory: Platform Memory Stats for Windows
[2014.10.28-13.38.15:390][  0]LogMemory: Process Physical Memory: 63.50 MB used, 63.50 MB peak
[2014.10.28-13.38.15:390][  0]LogMemory: Process Virtual Memory: 38.34 MB used, 38.34 MB peak
[2014.10.28-13.38.15:390][  0]LogMemory: Physical Memory: 3440.00 MB used, 8134.96 MB total
[2014.10.28-13.38.15:390][  0]LogMemory: Virtual Memory: 269.38 MB used, 8388608.00 MB total
[2014.10.28-13.38.15:439][  0]LogD3D11RHI: Found D3D11 adapter 0: NVIDIA GeForce GTX 780 (Feature Level 11_0)
[2014.10.28-13.38.15:439][  0]LogD3D11RHI: Adapter has 2994MB of dedicated video memory, 0MB of dedicated system memory, and 3811MB of shared system memory, 2 output[s]
[2014.10.28-13.38.15:439][  0]LogD3D11RHI: Chosen D3D11 Adapter Id = 0
[2014.10.28-13.38.15:442][  0]LogRHI: Texture pool is 1361 MB (70% of 1945 MB)
[2014.10.28-13.38.15:455][  0]LogD3D11RHI: Async texture creation enabled
[2014.10.28-13.38.15:555][  0]LogTextLocalizationManager: The requested culture ('fr_CH') has no localization data; falling back to 'en' for localization and internationalization data.
[2014.10.28-13.38.15:666][  0]LogContentStreaming: Texture pool size is 0.000000MB
[2014.10.28-13.38.18:858][  0]LogTargetPlatformManager:Display: Building Assets For Windows
[2014.10.28-13.38.19:122][  0]LogTargetPlatformManager:Display: Building Assets For Windows
[2014.10.28-13.38.19:158][  0]LogDerivedDataCache:Display: Max Cache Size: 512 MB
[2014.10.28-13.38.19:187][  0]LogDerivedDataCache: Loaded boot cache 0.03s 39MB C:/Users/Walono/AppData/Local/UnrealEngine/4.5/DerivedDataCache/Boot.ddc.
[2014.10.28-13.38.19:187][  0]LogDerivedDataCache:Display: Loaded Boot cache: C:/Users/Walono/AppData/Local/UnrealEngine/4.5/DerivedDataCache/Boot.ddc
[2014.10.28-13.38.19:187][  0]LogDerivedDataCache: FDerivedDataBackendGraph:  Pak pak cache file ../../../../../../Data/EPFL/Projet-bachelor/projet-oculus/ProjetOculusJDFZ/DerivedDataCache/DDC.ddp not found, will not use a pak cache.
[2014.10.28-13.38.19:187][  0]LogDerivedDataCache: Unable to find inner node Pak for hierarchical cache Hierarchy.
[2014.10.28-13.38.19:231][  0]LogDerivedDataCache:Display: Pak cache opened for reading ../../../Engine/DerivedDataCache/DDC.ddp.
[2014.10.28-13.38.19:243][  0]LogDerivedDataCache: Using Local data cache path C:/Users/Walono/AppData/Local/UnrealEngine/Common/DerivedDataCache: Writable
[2014.10.28-13.38.19:348][  0]LogMeshUtilities: No automatic mesh reduction module available
[2014.10.28-13.38.19:348][  0]LogMeshUtilities: No automatic mesh merging module available
[2014.10.28-13.38.19:485][  0]LogLinker:Warning: Asset '../../../Engine/Content/Functions/Engine_MaterialFunctions02/Texturing/FlipBook.uasset' has been saved with empty engine version. The asset will be loaded but may be incompatible.
[2014.10.28-13.38.19:487][  0]LogLinker:Warning: Asset '../../../Engine/Content/Functions/Engine_MaterialFunctions02/ExampleContent/Textures/flipbook.uasset' has been saved with empty engine version. The asset will be loaded but may be incompatible.
[2014.10.28-13.38.19:591][  0]LogInit: WinSock: version 1.1 (2.2), MaxSocks=32767, MaxUdp=65467
[2014.10.28-13.38.20:102][  0]UdpMessaging: Initializing bridge on interface 0.0.0.0:0 to multicast group 230.0.0.1:6666.
[2014.10.28-13.38.20:327][  0]SourceControl: Info Source control is disabled
[2014.10.28-13.38.20:327][  0]SourceControl: Info Source control is disabled
[2014.10.28-13.38.20:331][  0]SourceControl: Info Source control is disabled
[2014.10.28-13.38.20:414][  0]LogObj: 22919 objects as part of root set at end of initial load.
[2014.10.28-13.38.20:415][  0]LogUObjectAllocator: 4805384 out of 0 bytes used by permanent object pool.
[2014.10.28-13.38.20:455][  0]LogEngine: Initializing Engine...
[2014.10.28-13.38.20:539][  0]LogInit: XAudio2 using 'Speakers (3- High Definition Audio Device)' : 2 channels at 44.1 kHz using 16 bits per sample (channel mask 0x3)
[2014.10.28-13.38.20:547][  0]LogInit: FAudioDevice initialized.
[2014.10.28-13.38.20:562][  0]LogAIModule: Creating AISystem for world NewWorld
[2014.10.28-13.38.20:579][  0]LogDerivedDataCache: Saved boot cache 0.02s 39MB C:/Users/Walono/AppData/Local/UnrealEngine/4.5/DerivedDataCache/Boot.ddc.
[2014.10.28-13.38.20:582][  0]LogInit: Texture streaming: Enabled
[2014.10.28-13.38.20:614][  0]LogInit: Transaction tracking system initialized
[2014.10.28-13.38.20:696][  0]BlueprintLog: New page: Editor Load
[2014.10.28-13.38.20:723][  0]LogAssetRegistry: FAssetRegistry took 0.0098 seconds to start up
[2014.10.28-13.38.20:723][  0]LogDirectoryWatcher:Warning: Failed to begin reading directory changes for ../../../Engine/Plugins/Experimental/CharacterAI/Content/. Error: 0
[2014.10.28-13.38.21:003][  0]LogTargetPlatformManager:Display: Building Assets For Windows
[2014.10.28-13.38.21:202][  0]LogTargetPlatformManager:Display: Building Assets For Windows
[2014.10.28-13.38.21:356][  0]LogConsoleResponse:Display: 
[2014.10.28-13.38.21:476][  0]SourceControl: Info Source control is disabled
[2014.10.28-13.38.21:477][  0]Cmd: MAP LOAD FILE="../../../../../../Data/EPFL/Projet-bachelor/projet-oculus/ProjetOculusJDFZ/Content/StartLvl.umap" TEMPLATE=0 SHOWPROGRESS=1
[2014.10.28-13.38.21:477][  0]LightingResults: New page: Lighting Build
[2014.10.28-13.38.21:484][  0]MapCheck: New page: Map Check
[2014.10.28-13.38.21:484][  0]LightingResults: New page: Lighting Build
[2014.10.28-13.38.21:494][  0]LogParticles: Destroying 0 GPU particle simulations for FXSystem 0x00000000133B58A0
[2014.10.28-13.38.21:608][  0]LogEditorServer: Finished looking for orphan Actors (0.000 secs)
[2014.10.28-13.38.21:608][  0]LogAIModule: Creating AISystem for world StartLvl
[2014.10.28-13.38.21:609][  0]Cmd: MAP CHECKDEP
[2014.10.28-13.38.21:609][  0]MapCheck: New page: StartLvl - Oct 28, 2014, 3:38:21 PM
[2014.10.28-13.38.21:658][  0]MapCheck: Info Map check complete: 0 Error(s), 0 Warning(s), took 48.702ms to complete.
[2014.10.28-13.38.21:658][  0]LogFileHelpers: Loading map 'StartLvl' took 0.181
[2014.10.28-13.38.21:757][  0]LogCollectionManager: Loaded 0 collections in 0.000691 seconds
[2014.10.28-13.38.21:831][  0]LogCrashTracker: Crashtracker disabled due to settings.
[2014.10.28-13.38.21:841][  0]LogUObjectGlobals:Warning: Failed to find object 'Class None.'
[2014.10.28-13.38.21:884][  0]LogLoad: Full Startup: 8.36 seconds (BP compile: 0.03 seconds)
[2014.10.28-13.38.22:002][  0]LogRenderer:Warning: Reallocating scene render targets to support 1136x904.
[2014.10.28-13.38.22:135][  1]LogAssetRegistry: Asset discovery search completed in 1.4226 seconds
[2014.10.28-13.39.12:920][720]LogEditorViewport: Clicking on Actor (LMB): StaticMeshActor (SM_Template_Map_Floor)
[2014.10.28-13.39.14:559][843]BlueprintLog: New page: Pre-PIE auto-recompile
[2014.10.28-13.39.14:560][843]LogPlayLevel: [PIE] Compiling Tutorial_BP_MacroLib before PIE...
[2014.10.28-13.39.14:679][843]LogPlayLevel: PIE:  Blueprint regeneration took 120 ms (1 blueprints)
[2014.10.28-13.39.14:680][843]PIE: New page: PIE session: StartLvl (Oct 28, 2014, 3:39:14 PM)
[2014.10.28-13.39.14:681][843]LogPlayLevel: PIE: StaticDuplicateObject took: (0.000933s)
[2014.10.28-13.39.14:682][843]LogPlayLevel: PIE: World Init took: (0.000545s)
[2014.10.28-13.39.14:682][843]LogPlayLevel: PIE: Created PIE world by copying editor world from /Game/StartLvl.StartLvl to /Game/UEDPIE_0_StartLvl.StartLvl (0.002242s)
[2014.10.28-13.39.14:720][843]LogWorld: Game class is 'ProjetOculusJDFZGameMode'
[2014.10.28-13.39.14:721][843]LogAIModule: Creating AISystem for world StartLvl
[2014.10.28-13.39.14:722][843]LogWorld: Bringing World /Game/UEDPIE_0_StartLvl.StartLvl up for play (max tick rate 0) at 2014.10.28-14.39.14
[2014.10.28-13.39.14:722][843]LogWorld: Bringing up level for play took: 0.000551
[2014.10.28-13.39.14:723][843]PIE: Info Play in editor start time for /Game/UEDPIE_0_StartLvl 0.479
[2014.10.28-13.39.32:873][976]LogParticles: Destroying 0 GPU particle simulations for FXSystem 0x000000000B31C900
[2014.10.28-13.39.36:130][272]LogPlayLevel: PIE:  No blueprints needed recompiling
[2014.10.28-13.39.36:131][272]PIE: New page: PIE session: StartLvl (Oct 28, 2014, 3:39:36 PM)
[2014.10.28-13.39.36:133][272]LogPlayLevel: PIE: StaticDuplicateObject took: (0.001222s)
[2014.10.28-13.39.36:134][272]LogPlayLevel: PIE: World Init took: (0.000537s)
[2014.10.28-13.39.36:134][272]LogPlayLevel: PIE: Created PIE world by copying editor world from /Game/StartLvl.StartLvl to /Game/UEDPIE_0_StartLvl.StartLvl (0.002593s)
[2014.10.28-13.39.36:162][272]LogWorld: Game class is 'ProjetOculusJDFZGameMode'
[2014.10.28-13.39.36:163][272]LogAIModule: Creating AISystem for world StartLvl
[2014.10.28-13.39.36:164][272]LogWorld: Bringing World /Game/UEDPIE_0_StartLvl.StartLvl up for play (max tick rate 0) at 2014.10.28-14.39.36
[2014.10.28-13.39.36:164][272]LogWorld: Bringing up level for play took: 0.000539
[2014.10.28-13.39.36:165][272]PIE: Info Play in editor start time for /Game/UEDPIE_0_StartLvl -0.079
[2014.10.28-13.39.40:356][755]LogParticles: Destroying 0 GPU particle simulations for FXSystem 0x0000000016695D00
[2014.10.28-13.39.56:830][646]Cmd: TRANSACTION UNDO
[2014.10.28-13.39.56:831][646]LogEditorTransaction: Undo Clicking on Actors
[2014.10.28-13.39.59:119][833]Cmd: TRANSACTION UNDO
[2014.10.28-13.39.59:120][833]LogEditorTransaction: Undo Edit Default GameMode
[2014.10.28-13.40.12:851][213]LogSlate:Warning: Prevented a slow task dialog from being summoned while a context menu was open
[2014.10.28-13.40.22:042][205]LogPlayLevel: PIE:  No blueprints needed recompiling
[2014.10.28-13.40.22:042][205]PIE: New page: PIE session: StartLvl (Oct 28, 2014, 3:40:22 PM)
[2014.10.28-13.40.22:045][205]LogPlayLevel: PIE: StaticDuplicateObject took: (0.001785s)
[2014.10.28-13.40.22:045][205]LogPlayLevel: PIE: World Init took: