Log file open, 10/28/14 15:04:13
LogInit:Display: Running engine for game: ProjetOculusJDFZ
LogInit: Version: 4.5.1-2336687+++depot+UE4-Releases+4.5
LogInit: API Version: 2326478
LogInit: Compiled (64-bit): Oct 21 2014 22:32:40
LogInit: Compiled with Visual C++: 18.00.21005.01
LogInit: Build Configuration: Development
LogInit: Branch Name: ++depot+UE4-Releases+4.5
LogInit: Command line: 
LogInit: Base directory: E:/programme/Epic Games/4.5/Engine/Binaries/Win64/
LogInit: Rocket: 1
[2014.10.28-14.04.13:118][  0]LogTaskGraph: Started task graph with 3 named threads and 4 total threads.
[2014.10.28-14.04.13:153][  0]LogOnline:Warning: No default platform service specified for OnlineSubsystem
[2014.10.28-14.04.13:177][  0]LogInit: Presizing for 0 objects not considered by GC, pre-allocating 0 bytes.
[2014.10.28-14.04.13:183][  0]LogInit: Object subsystem initialized
[2014.10.28-14.04.13:185][  0]LogConsoleResponse:Warning: Skipping Unknown console variable: 'UIScaleRule = ShortestSide'
[2014.10.28-14.04.13:185][  0]LogConsoleResponse:Warning:   Found in ini file 'E:/Data/EPFL/Projet-bachelor/projet-oculus/ProjetOculusJDFZ/Saved/Config/Windows/Engine.ini', in section '[/Script/Engine.RendererSettings]'
[2014.10.28-14.04.13:185][  0]LogConsoleResponse:Warning: Skipping Unknown console variable: 'UIScaleCurve = (EditorCurveData=(Keys=((Time=480.000000,Value=0.444000),(Time=720.000000,Value=0.666000),(Time=1080.000000,Value=1.000000),(Time=8640.000000,Value=8.000000))),ExternalCurve=None)'
[2014.10.28-14.04.13:186][  0]LogConsoleResponse:Warning:   Found in ini file 'E:/Data/EPFL/Projet-bachelor/projet-oculus/ProjetOculusJDFZ/Saved/Config/Windows/Engine.ini', in section '[/Script/Engine.RendererSettings]'
[2014.10.28-14.04.13:186][  0]LogInit: Selected Device Profile: [Windows]
[2014.10.28-14.04.13:186][  0]LogInit: Applying CVar settings loaded from the selected device profile: [Windows]
[2014.10.28-14.04.13:189][  0]LogInit: Computer: WALONO-TOUR
[2014.10.28-14.04.13:190][  0]LogInit: User: Walono
[2014.10.28-14.04.13:190][  0]LogInit: CPU Page size=4096, Cores=4
[2014.10.28-14.04.13:190][  0]LogInit: High frequency timer resolution =3.904023 MHz
[2014.10.28-14.04.13:191][  0]LogMemory: Memory total: Physical=7.9GB (8GB approx) Virtual=8192.0GB
[2014.10.28-14.04.13:191][  0]LogMemory: Platform Memory Stats for Windows
[2014.10.28-14.04.13:191][  0]LogMemory: Process Physical Memory: 63.46 MB used, 63.46 MB peak
[2014.10.28-14.04.13:191][  0]LogMemory: Process Virtual Memory: 38.34 MB used, 38.34 MB peak
[2014.10.28-14.04.13:191][  0]LogMemory: Physical Memory: 3449.09 MB used, 8134.96 MB total
[2014.10.28-14.04.13:192][  0]LogMemory: Virtual Memory: 269.38 MB used, 8388608.00 MB total
[2014.10.28-14.04.13:240][  0]LogD3D11RHI: Found D3D11 adapter 0: NVIDIA GeForce GTX 780 (Feature Level 11_0)
[2014.10.28-14.04.13:241][  0]LogD3D11RHI: Adapter has 2994MB of dedicated video memory, 0MB of dedicated system memory, and 3811MB of shared system memory, 2 output[s]
[2014.10.28-14.04.13:241][  0]LogD3D11RHI: Chosen D3D11 Adapter Id = 0
[2014.10.28-14.04.13:244][  0]LogRHI: Texture pool is 1361 MB (70% of 1945 MB)
[2014.10.28-14.04.13:256][  0]LogD3D11RHI: Async texture creation enabled
[2014.10.28-14.04.13:357][  0]LogTextLocalizationManager: The requested culture ('fr_CH') has no localization data; falling back to 'en' for localization and internationalization data.
[2014.10.28-14.04.13:469][  0]LogContentStreaming: Texture pool size is 0.000000MB
[2014.10.28-14.04.16:655][  0]LogTargetPlatformManager:Display: Building Assets For Windows
[2014.10.28-14.04.16:921][  0]LogTargetPlatformManager:Display: Building Assets For Windows
[2014.10.28-14.04.16:957][  0]LogDerivedDataCache:Display: Max Cache Size: 512 MB
[2014.10.28-14.04.16:986][  0]LogDerivedDataCache: Loaded boot cache 0.03s 39MB C:/Users/Walono/AppData/Local/UnrealEngine/4.5/DerivedDataCache/Boot.ddc.
[2014.10.28-14.04.16:986][  0]LogDerivedDataCache:Display: Loaded Boot cache: C:/Users/Walono/AppData/Local/UnrealEngine/4.5/DerivedDataCache/Boot.ddc
[2014.10.28-14.04.16:987][  0]LogDerivedDataCache: FDerivedDataBackendGraph:  Pak pak cache file ../../../../../../Data/EPFL/Projet-bachelor/projet-oculus/ProjetOculusJDFZ/DerivedDataCache/DDC.ddp not found, will not use a pak cache.
[2014.10.28-14.04.16:987][  0]LogDerivedDataCache: Unable to find inner node Pak for hierarchical cache Hierarchy.
[2014.10.28-14.04.17:030][  0]LogDerivedDataCache:Display: Pak cache opened for reading ../../../Engine/DerivedDataCache/DDC.ddp.
[2014.10.28-14.04.17:042][  0]LogDerivedDataCache: Using Local data cache path C:/Users/Walono/AppData/Local/UnrealEngine/Common/DerivedDataCache: Writable
[2014.10.28-14.04.17:146][  0]LogMeshUtilities: No automatic mesh reduction module available
[2014.10.28-14.04.17:147][  0]LogMeshUtilities: No automatic mesh merging module available
[2014.10.28-14.04.17:287][  0]LogLinker:Warning: Asset '../../../Engine/Content/Functions/Engine_MaterialFunctions02/Texturing/FlipBook.uasset' has been saved with empty engine version. The asset will be loaded but may be incompatible.
[2014.10.28-14.04.17:289][  0]LogLinker:Warning: Asset '../../../Engine/Content/Functions/Engine_MaterialFunctions02/ExampleContent/Textures/flipbook.uasset' has been saved with empty engine version. The asset will be loaded but may be incompatible.
[2014.10.28-14.04.17:396][  0]LogInit: WinSock: version 1.1 (2.2), MaxSocks=32767, MaxUdp=65467
[2014.10.28-14.04.17:909][  0]UdpMessaging: Initializing bridge on interface 0.0.0.0:0 to multicast group 230.0.0.1:6666.
[2014.10.28-14.04.18:130][  0]SourceControl: Info Source control is disabled
[2014.10.28-14.04.18:130][  0]SourceControl: Info Source control is disabled
[2014.10.28-14.04.18:135][  0]SourceControl: Info Source control is disabled
[2014.10.28-14.04.18:223][  0]LogObj: 22929 objects as part of root set at end of initial load.
[2014.10.28-14.04.18:223][  0]LogUObjectAllocator: 4813752 out of 0 bytes used by permanent object pool.
[2014.10.28-14.04.18:265][  0]LogEngine: Initializing Engine...
[2014.10.28-14.04.18:350][  0]LogInit: XAudio2 using 'Speakers (3- High Definition Audio Device)' : 2 channels at 44.1 kHz using 16 bits per sample (channel mask 0x3)
[2014.10.28-14.04.18:357][  0]LogInit: FAudioDevice initialized.
[2014.10.28-14.04.18:371][  0]LogAIModule: Creating AISystem for world NewWorld
[2014.10.28-14.04.18:390][  0]LogDerivedDataCache: Saved boot cache 0.02s 39MB C:/Users/Walono/AppData/Local/UnrealEngine/4.5/DerivedDataCache/Boot.ddc.
[2014.10.28-14.04.18:392][  0]LogInit: Texture streaming: Enabled
[2014.10.28-14.04.18:422][  0]LogInit: Transaction tracking system initialized
[2014.10.28-14.04.18:507][  0]BlueprintLog: New page: Editor Load
[2014.10.28-14.04.18:534][  0]LogAssetRegistry: FAssetRegistry took 0.0105 seconds to start up
[2014.10.28-14.04.18:534][  0]LogDirectoryWatcher:Warning: Failed to begin reading directory changes for ../../../Engine/Plugins/Experimental/CharacterAI/Content/. Error: 0
[2014.10.28-14.04.18:812][  0]LogTargetPlatformManager:Display: Building Assets For Windows
[2014.10.28-14.04.19:019][  0]LogTargetPlatformManager:Display: Building Assets For Windows
[2014.10.28-14.04.19:162][  0]LogConsoleResponse:Display: 
[2014.10.28-14.04.19:281][  0]SourceControl: Info Source control is disabled
[2014.10.28-14.04.19:281][  0]Cmd: MAP LOAD FILE="../../../../../../Data/EPFL/Projet-bachelor/projet-oculus/ProjetOculusJDFZ/Content/StartLvl.umap" TEMPLATE=0 SHOWPROGRESS=1
[2014.10.28-14.04.19:282][  0]LightingResults: New page: Lighting Build
[2014.10.28-14.04.19:289][  0]MapCheck: New page: Map Check
[2014.10.28-14.04.19:289][  0]LightingResults: New page: Lighting Build
[2014.10.28-14.04.19:299][  0]LogParticles: Destroying 0 GPU particle simulations for FXSystem 0x0000000011CF1440
[2014.10.28-14.04.19:409][  0]LogEditorServer: Finished looking for orphan Actors (0.000 secs)
[2014.10.28-14.04.19:410][  0]LogAIModule: Creating AISystem for world StartLvl
[2014.10.28-14.04.19:410][  0]Cmd: MAP CHECKDEP
[2014.10.28-14.04.19:410][  0]MapCheck: New page: StartLvl - Oct 28, 2014, 4:04:19 PM
[2014.10.28-14.04.19:459][  0]MapCheck: Info Map check complete: 0 Error(s), 0 Warning(s), took 49.22ms to complete.
[2014.10.28-14.04.19:460][  0]LogFileHelpers: Loading map 'StartLvl' took 0.179
[2014.10.28-14.04.19:539][  0]LogCollectionManager: Loaded 0 collections in 0.000623 seconds
[2014.10.28-14.04.19:553][  0]LogContentBrowser:Verbose: The content browser source was changed by the sources view to '/Game'
[2014.10.28-14.04.19:620][  0]LogCrashTracker: Crashtracker disabled due to settings.
[2014.10.28-14.04.19:631][  0]LogUObjectGlobals:Warning: Failed to find object 'Class None.'
[2014.10.28-14.04.19:666][  0]LogLoad: Full Startup: 8.33 seconds (BP compile: 0.03 seconds)
[2014.10.28-14.04.19:790][  0]LogRenderer:Warning: Reallocating scene render targets to support 1136x904.
[2014.10.28-14.04.19:915][  1]LogAssetRegistry: Asset discovery search completed in 1.3921 seconds
[2014.10.28-14.05.35:214][335]Cmd: QUIT_EDITOR
[2014.10.28-14.05.35:439][335]LogExit: Preparing to exit.
[2014.10.28-14.05.35:944][335]LogExit: Editor shut down
[2014.10.28-14.05.35:944][335]LogExit: Transaction tracking system shut down
[2014.10.28-14.05.35:945][335]LogParticles: Destroying 0 GPU particle simulations for FXSystem 0x000000000E0CEAC0
[2014.10.28-14.05.35:959][335]LogExit: Object subsystem successfully closed.
[2014.10.28-14.05.35:995][335]LogModuleManager: Shutting down and abandoning module ExternalImagePicker (168)
[2014.10.28-14.05.35:996][335]LogModuleManager: Shutting down and abandoning module AndroidDeviceDetection (167)
[2014.10.28-14.05.35:996][335]LogModuleManager: Shutting down and abandoning module CrashTracker (166)
[2014.10.28-14.05.35:996][335]LogModuleManager: Shutting down and abandoning module SuperSearch (165)
[2014.10.28-14.05.35:996][335]LogModuleManager: Shutting down and abandoning module SceneOutliner (164)
[2014.10.28-14.05.35:996][335]LogModuleManager: Shutting down and abandoning module EditorWidgets (163)
[2014.10.28-14.05.35:996][335]LogModuleManager: Shutting down and abandoning module CollectionManager (162)
[2014.10.28-14.05.35:997][335]LogModuleManager: Shutting down and abandoning module StatsViewer (161)
[2014.10.28-14.05.35:997][335]LogModuleManager: Shutting down and abandoning module FoliageEdit (160)
[2014.10.28-14.05.35:997][335]LogModuleManager: Shutting down and abandoning module LandscapeEditor (159)
[2014.10.28-14.05.35:997][335]LogModuleManager: Shutting down and abandoning module MeshPaint (158)
[2014.10.28-14.05.35:997][335]LogModuleManager: Shutting down and abandoning module ActorPickerMode (157)
[2014.10.28-14.05.35:997][335]LogModuleManager: Shutting down and abandoning module GeometryMode (156)
[2014.10.28-14.05.35:998][335]LogModuleManager: Shutting down and abandoning module TextureAlignMode (155)
[2014.10.28-14.05.35:998][335]LogModuleManager: Shutting down and abandoning module BspMode (154)
[2014.10.28-14.05.35:998][335]LogModuleManager: Shutting down and abandoning module PlacementMode (153)
[2014.10.28-14.05.35:998][335]LogModuleManager: Shutting down and abandoning module AutomationWorker (152)
[2014.10.28-14.05.35:998][335]LogModuleManager: Shutting down and abandoning module CharacterAI (151)
[2014.10.28-14.05.35:998][335]LogModuleManager: Shutting down and abandoning module GameProjectGeneration (150)
[2014.10.28-14.05.35:998][335]LogModuleManager: Shutting down and abandoning module IntroTutorials (149)
[2014.10.28-14.05.35:999][335]LogModuleManager: Shutting down and abandoning module EditorLiveStreaming (148)
[2014.10.28-14.05.35:999][335]LogModuleManager: Shutting down and abandoning module HardwareTargeting (147)
[2014.10.28-14.05.35:999][335]LogModuleManager: Shutting down and abandoning module BehaviorTreeEditor (146)
[2014.10.28-14.05.35:999][335]LogModuleManager: Shutting down and abandoning module DeviceProfileEditor (145)
[2014.10.28-14.05.35:999][335]LogModuleManager: Shutting down and abandoning module UndoHistory (144)
[2014.10.28-14.05.35:999][335]LogModuleManager: Shutting down and abandoning module GameplayTagsEditor (143)
[2014.10.28-14.05.35:999][335]LogModuleManager: Shutting down and abandoning module UserFeedback (142)
[2014.10.28-14.05.36:000][335]LogModuleManager: Shutting down and abandoning module XmlParser (141)
[2014.10.28-14.05.36:000][335]LogModuleManager: Shutting down and abandoning module Blutility (140)
[2014.10.28-14.05.36:000][335]LogModuleManager: Shutting down and abandoning module IOSPlatformEditor (139)
[2014.10.28-14.05.36:000][335]LogModuleManager: Shutting down and abandoning module IOSRuntimeSettings (138)
[2014.10.28-14.05.36:000][335]LogModuleManager: Shutting down and abandoning module AndroidPlatformEditor (137)
[2014.10.28-14.05.36:000][335]LogModuleManager: Shutting down and abandoning module AndroidRuntimeSettings (136)
[2014.10.28-14.05.36:000][335]LogModuleManager: Shutting down and abandoning module ProjectTargetPlatformEditor (135)
[2014.10.28-14.05.36:001][335]LogModuleManager: Shutting down and abandoning module ProjectSettingsViewer (134)
[2014.10.28-14.05.36:001][335]LogModuleManager: Shutting down and abandoning module InputBindingEditor (133)
[2014.10.28-14.05.36:001][335]LogModuleManager: Shutting down and abandoning module EditorSettingsViewer (132)
[2014.10.28-14.05.36:001][335]LogModuleManager: Shutting down and abandoning module SettingsEditor (131)
[2014.10.28-14.05.36:002][335]LogModuleManager: Shutting down and abandoning module ProjectLauncher (130)
[2014.10.28-14.05.36:002][335]LogModuleManager: Shutting down and abandoning module SessionFrontend (129)
[2014.10.28-14.05.36:002][335]LogModuleManager: Shutting down and abandoning module ProfilerClient (128)
[2014.10.28-14.05.36:002][335]LogModuleManager: Shutting down and abandoning module TargetDeviceServices (127)
[2014.10.28-14.05.36:002][335]LogModuleManager: Shutting down and abandoning module DeviceManager (126)
[2014.10.28-14.05.36:002][335]LogModuleManager: Shutting down and abandoning module AutomationController (125)
[2014.10.28-14.05.36:003][335]LogModuleManager: Shutting down and abandoning module AutomationWindow (124)
[2014.10.28-14.05.36:003][335]LogModuleManager: Shutting down and abandoning module Layers (123)
[2014.10.28-14.05.36:003][335]LogModuleManager: Shutting down and abandoning module ComponentVisualizers (122)
[2014.10.28-14.05.36:003][335]LogModuleManager: Shutting down and abandoning module DetailCustomizations (121)
[2014.10.28-14.05.36:003][335]LogModuleManager: Shutting down and abandoning module PackagesDialog (120)
[2014.10.28-14.05.36:003][335]LogModuleManager: Shutting down and abandoning module AssetRegistry (119)
[2014.10.28-14.05.36:076][335]LogModuleManager: Shutting down and abandoning module Persona (118)
[2014.10.28-14.05.36:076][335]LogModuleManager: Shutting down and abandoning module Kismet (117)
[2014.10.28-14.05.36:077][335]LogModuleManager: Shutting down and abandoning module GraphEditor (116)
[2014.10.28-14.05.36:082][335]LogModuleManager: Shutting down and abandoning module ClassViewer (115)
[2014.10.28-14.05.36:082][335]LogModuleManager: Shutting down and abandoning module Toolbox (114)
[2014.10.28-14.05.36:082][335]LogModuleManager: Shutting down and abandoning module ModuleUI (113)
[2014.10.28-14.05.36:082][335]LogModuleManager: Shutting down and abandoning module MovieSceneTools (112)
[2014.10.28-14.05.36:083][335]LogModuleManager: Shutting down and abandoning module OutputLog (111)
[2014.10.28-14.05.36:083][335]LogModuleManager: Shutting down and abandoning module GammaUI (110)
[2014.10.28-14.05.36:083][335]LogModuleManager: Shutting down and abandoning module Documentation (109)
[2014.10.28-14.05.36:083][335]LogModuleManager: Shutting down and abandoning module GameLiveStreaming (108)
[2014.10.28-14.05.36:083][335]LogModuleManager: Shutting down and abandoning module StreamingPauseRendering (107)
[2014.10.28-14.05.36:084][335]LogModuleManager: Shutting down and abandoning module HTTP (106)
[2014.10.28-14.05.36:084][335]LogModuleManager: Shutting down and abandoning module AnalyticsET (105)
[2014.10.28-14.05.36:084][335]LogModuleManager: Shutting down and abandoning module Analytics (104)
[2014.10.28-14.05.36:084][335]LogModuleManager: Shutting down and abandoning module GameplayDebugger (103)
[2014.10.28-14.05.36:084][335]LogModuleManager: Shutting down and abandoning module AIModule (102)
[2014.10.28-14.05.36:085][335]LogModuleManager: Shutting down and abandoning module ProfilerService (101)
[2014.10.28-14.05.36:249][335]LogModuleManager: Shutting down and abandoning module TaskGraph (100)
[2014.10.28-14.05.36:250][335]LogModuleManager: Shutting down and abandoning module SlateRemote (99)
[2014.10.28-14.05.36:251][335]LogModuleManager: Shutting down and abandoning module ScriptEditorPlugin (98)
[2014.10.28-14.05.36:252][335]LogModuleManager: Shutting down and abandoning module CustomMeshComponent (97)
[2014.10.28-14.05.36:252][335]LogModuleManager: Shutting down and abandoning module CableComponent (96)
[2014.10.28-14.05.36:253][335]LogModuleManager: Shutting down and abandoning module MessagingDebugger (95)
[2014.10.28-14.05.36:254][335]LogModuleManager: Shutting down and abandoning module MediaPlayerEditor (94)
[2014.10.28-14.05.36:255][335]LogModuleManager: Shutting down and abandoning module SpeedTreeImporter (93)
[2014.10.28-14.05.36:255][335]LogModuleManager: Shutting down and abandoning module PluginsEditor (92)
[2014.10.28-14.05.36:256][335]LogModuleManager: Shutting down and abandoning module EpicSurvey (91)
[2014.10.28-14.05.36:257][335]LogModuleManager: Shutting down and abandoning module DesktopPlatform (90)
[2014.10.28-14.05.36:258][335]LogModuleManager: Shutting down and abandoning module VisualStudioSourceCodeAccess (89)
[2014.10.28-14.05.36:258][335]LogModuleManager: Shutting down and abandoning module UObjectPlugin (88)
[2014.10.28-14.05.36:259][335]LogModuleManager: Shutting down and abandoning module SubversionSourceControl (87)
[2014.10.28-14.05.36:260][335]LogModuleManager: Shutting down and abandoning module SourceControl (86)
[2014.10.28-14.05.36:261][335]LogModuleManager: Shutting down and abandoning module PerforceSourceControl (85)
[2014.10.28-14.05.36:262][335]LogModuleManager: Shutting down and abandoning module BlankPlugin (84)
[2014.10.28-14.05.36:262][335]LogModuleManager: Shutting down and abandoning module SlateReflector (83)
[2014.10.28-14.05.36:263][335]LogModuleManager: Shutting down and abandoning module DirectoryWatcher (82)
[2014.10.28-14.05.36:264][335]LogModuleManager: Shutting down and abandoning module HotReload (81)
[2014.10.28-14.05.36:265][335]LogModuleManager: Shutting down and abandoning module MainFrame (80)
[2014.10.28-14.05.36:266][335]LogModuleManager: Shutting down and abandoning module LevelEditor (79)
[2014.10.28-14.05.36:270][335]LogModuleManager: Shutting down and abandoning module ViewportSnapping (78)
[2014.10.28-14.05.36:271][335]LogModuleManager: Shutting down and abandoning module SmartSnapping (77)
[2014.10.28-14.05.36:272][335]LogModuleManager: Shutting down and abandoning module PaperTiledImporter (76)
[2014.10.28-14.05.36:273][335]LogModuleManager: Shutting down and abandoning module PaperJsonImporter (75)
[2014.10.28-14.05.36:274][335]LogModuleManager: Shutting down and abandoning module ContentBrowser (74)
[2014.10.28-14.05.36:274][335]LogModuleManager: Shutting down and abandoning module PropertyEditor (73)
[2014.10.28-14.05.36:275][335]LogModuleManager: Shutting down and abandoning module Paper2DEditor (72)
[2014.10.28-14.05.36:276][335]LogModuleManager: Shutting down and abandoning module ProjetOculusJDFZ (71)
[2014.10.28-14.05.36:276][335]LogModuleManager: Shutting down and abandoning module ScriptPlugin (70)
[2014.10.28-14.05.36:277][335]LogModuleManager: Shutting down and abandoning module UdpMessaging (69)
[2014.10.28-14.05.36:378][335]LogModuleManager: Shutting down and abandoning module Paper2D (68)
[2014.10.28-14.05.36:379][335]LogModuleManager: Shutting down and abandoning module WindowsMoviePlayer (67)
[2014.10.28-14.05.36:387][335]LogModuleManager: Shutting down and abandoning module Media (66)
[2014.10.28-14.05.36:388][335]LogModuleManager: Shutting down and abandoning module WmfMedia (65)
[2014.10.28-14.05.36:390][335]LogModuleManager: Shutting down and abandoning module OnlineBlueprintSupport (64)
[2014.10.28-14.05.36:391][335]LogModuleManager: Shutting down and abandoning module FunctionalTesting (63)
[2014.10.28-14.05.36:393][335]LogModuleManager: Shutting down and abandoning module CollisionAnalyzer (62)
[2014.10.28-14.05.36:393][335]LogModuleManager: Shutting down and abandoning module WorkspaceMenuStructure (61)
[2014.10.28-14.05.36:393][335]LogModuleManager: Shutting down and abandoning module MessageLog (60)
[2014.10.28-14.05.36:394][335]LogModuleManager: Shutting down and abandoning module Sequencer (59)
[2014.10.28-14.05.36:394][335]LogModuleManager: Shutting down and abandoning module AssetTools (58)
[2014.10.28-14.05.36:394][335]LogModuleManager: Shutting down and abandoning module UMGEditor (57)
[2014.10.28-14.05.36:395][335]LogModuleManager: Shutting down and abandoning module UMG (56)
[2014.10.28-14.05.36:395][335]LogModuleManager: Shutting down and abandoning module Slate (55)
[2014.10.28-14.05.36:395][335]LogModuleManager: Shutting down and abandoning module EditorStyle (54)
[2014.10.28-14.05.36:398][335]LogModuleManager: Shutting down and abandoning module SessionServices (53)
[2014.10.28-14.05.36:398][335]LogModuleManager: Shutting down and abandoning module SourceCodeAccess (52)
[2014.10.28-14.05.36:398][335]LogModuleManager: Shutting down and abandoning module HeadMountedDisplay (51)
[2014.10.28-14.05.36:399][335]LogModuleManager: Shutting down and abandoning module XAudio2 (50)
[2014.10.28-14.05.36:399][335]LogModuleManager: Shutting down and abandoning module Networking (48)
[2014.10.28-14.05.36:399][335]LogModuleManager: Shutting down and abandoning module Core (47)
[2014.10.28-14.05.36:401][335]LogModuleManager: Shutting down and abandoning module KismetCompiler (46)
[2014.10.28-14.05.36:402][335]LogModuleManager: Shutting down and abandoning module PhysXFormats (45)
[2014.10.28-14.05.36:402][335]LogModuleManager: Shutting down and abandoning module MeshUtilities (44)
[2014.10.28-14.05.36:403][335]LogModuleManager: Shutting down and abandoning module DerivedDataCache (43)
[2014.10.28-14.05.36:546][335]LogDerivedDataCache: Shutdown
[2014.10.28-14.05.36:547][335]LogModuleManager: Shutting down and abandoning module ShaderFormatOpenGL (42)
[2014.10.28-14.05.36:547][335]LogModuleManager: Shutting down and abandoning module ShaderFormatD3D (41)
[2014.10.28-14.05.36:547][335]LogModuleManager: Shutting down and abandoning module MetalShaderFormat (40)
[2014.10.28-14.05.36:548][335]LogModuleManager: Shutting down and abandoning module TextureFormatUncompressed (39)
[2014.10.28-14.05.36:548][335]LogModuleManager: Shutting down and abandoning module TextureFormatPVR (38)
[2014.10.28-14.05.36:549][335]LogModuleManager: Shutting down and abandoning module TextureFormatDXT (37)
[2014.10.28-14.05.36:549][335]LogModuleManager: Shutting down and abandoning module TextureFormatAndroid (36)
[2014.10.28-14.05.36:550][335]LogModuleManager: Shutting down and abandoning module AudioFormatOpus (35)
[2014.10.28-14.05.36:550][335]LogModuleManager: Shutting down and abandoning module AudioFormatOgg (34)
[2014.10.28-14.05.36:551][335]LogModuleManager: Shutting down and abandoning module AudioFormatADPCM (33)
[2014.10.28-14.05.36:551][335]LogModuleManager: Shutting down and abandoning module Messaging (32)
[2014.10.28-14.05.36:551][335]LogModuleManager: Shutting down and abandoning module IOSTargetPlatform (31)
[2014.10.28-14.05.36:552][335]LogModuleManager: Shutting down and abandoning module Android_PVRTCTargetPlatform (30)
[2014.10.28-14.05.36:552][335]LogModuleManager: Shutting down and abandoning module Android_ETC2TargetPlatform (29)
[2014.10.28-14.05.36:553][335]LogModuleManager: Shutting down and abandoning module Android_ETC1TargetPlatform (28)
[2014.10.28-14.05.36:553][335]LogModuleManager: Shutting down and abandoning module Android_DXTTargetPlatform (27)
[2014.10.28-14.05.36:554][335]LogModuleManager: Shutting down and abandoning module Android_ATCTargetPlatform (26)
[2014.10.28-14.05.36:554][335]LogModuleManager: Shutting down and abandoning module AndroidTargetPlatform (25)
[2014.10.28-14.05.36:554][335]LogModuleManager: Shutting down and abandoning module WindowsTargetPlatform (24)
[2014.10.28-14.05.36:555][335]LogModuleManager: Shutting down and abandoning module WindowsServerTargetPlatform (23)
[2014.10.28-14.05.36:555][335]LogModuleManager: Shutting down and abandoning module WindowsNoEditorTargetPlatform (22)
[2014.10.28-14.05.36:556][335]LogModuleManager: Shutting down and abandoning module WindowsClientTargetPlatform (21)
[2014.10.28-14.05.36:556][335]LogModuleManager: Shutting down and abandoning module TargetPlatform (20)
[2014.10.28-14.05.36:557][335]LogModuleManager: Shutting down and abandoning module InputCore (19)
[2014.10.28-14.05.36:557][335]LogModuleManager: Shutting down and abandoning module Settings (18)
[2014.10.28-14.05.36:558][335]LogModuleManager: Shutting down and abandoning module ImageWrapper (17)
[2014.10.28-14.05.36:558][335]LogModuleManager: Shutting down and abandoning module OculusRift (14)
[2014.10.28-14.05.36:558][335]LogModuleManager: Shutting down and abandoning module ExampleDeviceProfileSelector (13)
[2014.10.28-14.05.36:559][335]LogModuleManager: Shutting down and abandoning module TextureCompressor (12)
[2014.10.28-14.05.36:560][335]LogModuleManager: Shutting down and abandoning module ShaderCore (11)
[2014.10.28-14.05.36:560][335]LogModuleManager: Shutting down and abandoning module SlateRHIRenderer (10)
[2014.10.28-14.05.36:562][335]LogModuleManager: Shutting down and abandoning module OpenGLDrv (9)
[2014.10.28-14.05.36:562][335]LogModuleManager: Shutting down and abandoning module D3D11RHI (8)
[2014.10.28-14.05.36:562][335]LogModuleManager: Shutting down and abandoning module Renderer (7)
[2014.10.28-14.05.36:563][335]LogModuleManager: Shutting down and abandoning module Engine (6)
[2014.10.28-14.05.36:563][335]LogModuleManager: Shutting down and abandoning module CoreUObject (5)
[2014.10.28-14.05.36:564][335]LogModuleManager: Shutting down and abandoning module NetworkFile (4)
[2014.10.28-14.05.36:564][335]LogModuleManager: Shutting down and abandoning module StreamingFile (3)
[2014.10.28-14.05.36:565][335]LogModuleManager: Shutting down and abandoning module SandboxFile (2)
[2014.10.28-14.05.36:565][335]LogModuleManager: Shutting down and abandoning module PakFile (1)
[2014.10.28-14.05.36:567][335]LogExit: Exiting.
[2014.10.28-14.05.36:577][335]Log file closed, 10/28/14 15:05:36
