Log file open, 10/29/14 18:05:51
LogInit:Display: Running engine for game: ProjetOculusJDFZ
LogInit: Version: 4.5.1-2336687+++depot+UE4-Releases+4.5
LogInit: API Version: 2326478
LogInit: Compiled (64-bit): Oct 21 2014 22:32:40
LogInit: Compiled with Visual C++: 18.00.21005.01
LogInit: Build Configuration: Development
LogInit: Branch Name: ++depot+UE4-Releases+4.5
LogInit: Command line: 
LogInit: Base directory: E:/programme/Epic Games/4.5/Engine/Binaries/Win64/
LogInit: Rocket: 1
[2014.10.29-17.05.51:469][  0]LogTaskGraph: Started task graph with 3 named threads and 4 total threads.
[2014.10.29-17.05.51:495][  0]LogOnline:Warning: No default platform service specified for OnlineSubsystem
[2014.10.29-17.05.51:508][  0]LogInit: Presizing for 0 objects not considered by GC, pre-allocating 0 bytes.
[2014.10.29-17.05.51:514][  0]LogInit: Object subsystem initialized
[2014.10.29-17.05.51:517][  0]LogConsoleResponse:Warning: Skipping Unknown console variable: 'UIScaleRule = ShortestSide'
[2014.10.29-17.05.51:517][  0]LogConsoleResponse:Warning:   Found in ini file 'E:/Data/EPFL/Projet-bachelor/projet-oculus/ProjetOculusJDFZ/Saved/Config/Windows/Engine.ini', in section '[/Script/Engine.RendererSettings]'
[2014.10.29-17.05.51:517][  0]LogConsoleResponse:Warning: Skipping Unknown console variable: 'UIScaleCurve = (EditorCurveData=(Keys=((Time=480.000000,Value=0.444000),(Time=720.000000,Value=0.666000),(Time=1080.000000,Value=1.000000),(Time=8640.000000,Value=8.000000))),ExternalCurve=None)'
[2014.10.29-17.05.51:517][  0]LogConsoleResponse:Warning:   Found in ini file 'E:/Data/EPFL/Projet-bachelor/projet-oculus/ProjetOculusJDFZ/Saved/Config/Windows/Engine.ini', in section '[/Script/Engine.RendererSettings]'
[2014.10.29-17.05.51:518][  0]LogInit: Selected Device Profile: [Windows]
[2014.10.29-17.05.51:518][  0]LogInit: Applying CVar settings loaded from the selected device profile: [Windows]
[2014.10.29-17.05.51:521][  0]LogInit: Computer: WALONO-TOUR
[2014.10.29-17.05.51:521][  0]LogInit: User: Walono
[2014.10.29-17.05.51:522][  0]LogInit: CPU Page size=4096, Cores=4
[2014.10.29-17.05.51:522][  0]LogInit: High frequency timer resolution =3.904033 MHz
[2014.10.29-17.05.51:522][  0]LogMemory: Memory total: Physical=7.9GB (8GB approx) Virtual=8192.0GB
[2014.10.29-17.05.51:522][  0]LogMemory: Platform Memory Stats for Windows
[2014.10.29-17.05.51:523][  0]LogMemory: Process Physical Memory: 63.55 MB used, 63.55 MB peak
[2014.10.29-17.05.51:523][  0]LogMemory: Process Virtual Memory: 38.36 MB used, 38.36 MB peak
[2014.10.29-17.05.51:523][  0]LogMemory: Physical Memory: 4344.05 MB used, 8134.96 MB total
[2014.10.29-17.05.51:523][  0]LogMemory: Virtual Memory: 269.38 MB used, 8388608.00 MB total
[2014.10.29-17.05.51:577][  0]LogD3D11RHI: Found D3D11 adapter 0: NVIDIA GeForce GTX 780 (Feature Level 11_0)
[2014.10.29-17.05.51:577][  0]LogD3D11RHI: Adapter has 2994MB of dedicated video memory, 0MB of dedicated system memory, and 3811MB of shared system memory, 2 output[s]
[2014.10.29-17.05.51:577][  0]LogD3D11RHI: Chosen D3D11 Adapter Id = 0
[2014.10.29-17.05.51:581][  0]LogRHI: Texture pool is 1361 MB (70% of 1945 MB)
[2014.10.29-17.05.51:594][  0]LogD3D11RHI: Async texture creation enabled
[2014.10.29-17.05.51:694][  0]LogTextLocalizationManager: The requested culture ('fr_CH') has no localization data; falling back to 'en' for localization and internationalization data.
[2014.10.29-17.05.51:803][  0]LogContentStreaming: Texture pool size is 0.000000MB
[2014.10.29-17.05.54:895][  0]LogTargetPlatformManager:Display: Building Assets For Windows
[2014.10.29-17.05.55:183][  0]LogTargetPlatformManager:Display: Building Assets For Windows
[2014.10.29-17.05.55:221][  0]LogDerivedDataCache:Display: Max Cache Size: 512 MB
[2014.10.29-17.05.55:252][  0]LogDerivedDataCache: Loaded boot cache 0.03s 39MB C:/Users/Walono/AppData/Local/UnrealEngine/4.5/DerivedDataCache/Boot.ddc.
[2014.10.29-17.05.55:252][  0]LogDerivedDataCache:Display: Loaded Boot cache: C:/Users/Walono/AppData/Local/UnrealEngine/4.5/DerivedDataCache/Boot.ddc
[2014.10.29-17.05.55:253][  0]LogDerivedDataCache: FDerivedDataBackendGraph:  Pak pak cache file ../../../../../../Data/EPFL/Projet-bachelor/projet-oculus/ProjetOculusJDFZ/DerivedDataCache/DDC.ddp not found, will not use a pak cache.
[2014.10.29-17.05.55:253][  0]LogDerivedDataCache: Unable to find inner node Pak for hierarchical cache Hierarchy.
[2014.10.29-17.05.55:300][  0]LogDerivedDataCache:Display: Pak cache opened for reading ../../../Engine/DerivedDataCache/DDC.ddp.
[2014.10.29-17.05.55:312][  0]LogDerivedDataCache: Using Local data cache path C:/Users/Walono/AppData/Local/UnrealEngine/Common/DerivedDataCache: Writable
[2014.10.29-17.05.55:418][  0]LogMeshUtilities: No automatic mesh reduction module available
[2014.10.29-17.05.55:418][  0]LogMeshUtilities: No automatic mesh merging module available
[2014.10.29-17.05.55:555][  0]LogLinker:Warning: Asset '../../../Engine/Content/Functions/Engine_MaterialFunctions02/Texturing/FlipBook.uasset' has been saved with empty engine version. The asset will be loaded but may be incompatible.
[2014.10.29-17.05.55:557][  0]LogLinker:Warning: Asset '../../../Engine/Content/Functions/Engine_MaterialFunctions02/ExampleContent/Textures/flipbook.uasset' has been saved with empty engine version. The asset will be loaded but may be incompatible.
[2014.10.29-17.05.55:661][  0]LogInit: WinSock: version 1.1 (2.2), MaxSocks=32767, MaxUdp=65467
[2014.10.29-17.05.56:159][  0]UdpMessaging: Initializing bridge on interface 0.0.0.0:0 to multicast group 230.0.0.1:6666.
[2014.10.29-17.05.56:374][  0]SourceControl: Info Source control is disabled
[2014.10.29-17.05.56:374][  0]SourceControl: Info Source control is disabled
[2014.10.29-17.05.56:379][  0]SourceControl: Info Source control is disabled
[2014.10.29-17.05.56:460][  0]LogObj: 22942 objects as part of root set at end of initial load.
[2014.10.29-17.05.56:460][  0]LogUObjectAllocator: 4817240 out of 0 bytes used by permanent object pool.
[2014.10.29-17.05.56:501][  0]LogEngine: Initializing Engine...
[2014.10.29-17.05.56:584][  0]LogInit: XAudio2 using 'Speakers (3- High Definition Audio Device)' : 2 channels at 44.1 kHz using 16 bits per sample (channel mask 0x3)
[2014.10.29-17.05.56:592][  0]LogInit: FAudioDevice initialized.
[2014.10.29-17.05.56:605][  0]LogAIModule: Creating AISystem for world NewWorld
[2014.10.29-17.05.56:622][  0]LogDerivedDataCache: Saved boot cache 0.02s 39MB C:/Users/Walono/AppData/Local/UnrealEngine/4.5/DerivedDataCache/Boot.ddc.
[2014.10.29-17.05.56:625][  0]LogInit: Texture streaming: Enabled
[2014.10.29-17.05.56:655][  0]LogInit: Transaction tracking system initialized
[2014.10.29-17.05.56:738][  0]BlueprintLog: New page: Editor Load
[2014.10.29-17.05.56:766][  0]LogAssetRegistry: FAssetRegistry took 0.0106 seconds to start up
[2014.10.29-17.05.56:766][  0]LogDirectoryWatcher:Warning: Failed to begin reading directory changes for ../../../Engine/Plugins/Experimental/CharacterAI/Content/. Error: 0
[2014.10.29-17.05.57:076][  0]LogTargetPlatformManager:Display: Building Assets For Windows
[2014.10.29-17.05.57:293][  0]LogTargetPlatformManager:Display: Building Assets For Windows
[2014.10.29-17.05.57:438][  0]LogConsoleResponse:Display: 
[2014.10.29-17.05.57:556][  0]SourceControl: Info Source control is disabled
[2014.10.29-17.05.57:557][  0]Cmd: MAP LOAD FILE="../../../../../../Data/EPFL/Projet-bachelor/projet-oculus/ProjetOculusJDFZ/Content/StartLvl.umap" TEMPLATE=0 SHOWPROGRESS=1
[2014.10.29-17.05.57:557][  0]LightingResults: New page: Lighting Build
[2014.10.29-17.05.57:564][  0]MapCheck: New page: Map Check
[2014.10.29-17.05.57:564][  0]LightingResults: New page: Lighting Build
[2014.10.29-17.05.57:574][  0]LogParticles: Destroying 0 GPU particle simulations for FXSystem 0x00000000115C7BA0
[2014.10.29-17.05.57:685][  0]LogEditorServer: Finished looking for orphan Actors (0.000 secs)
[2014.10.29-17.05.57:685][  0]LogAIModule: Creating AISystem for world StartLvl
[2014.10.29-17.05.57:686][  0]Cmd: MAP CHECKDEP
[2014.10.29-17.05.57:686][  0]MapCheck: N