Log file open, 10/31/14 10:06:43
LogInit:Display: Running engine for game: ProjetOculusJDFZ
LogInit: Version: 4.5.1-2336687+++depot+UE4-Releases+4.5
LogInit: API Version: 2326478
LogInit: Compiled (64-bit): Oct 21 2014 22:32:40
LogInit: Compiled with Visual C++: 18.00.21005.01
LogInit: Build Configuration: Development
LogInit: Branch Name: ++depot+UE4-Releases+4.5
LogInit: Command line: 
LogInit: Base directory: E:/programme/Epic Games/4.5/Engine/Binaries/Win64/
LogInit: Rocket: 1
[2014.10.31-09.06.43:569][  0]LogTaskGraph: Started task graph with 3 named threads and 4 total threads.
[2014.10.31-09.06.43:605][  0]LogOnline:Warning: No default platform service specified for OnlineSubsystem
[2014.10.31-09.06.43:626][  0]LogInit: Presizing for 0 objects not considered by GC, pre-allocating 0 bytes.
[2014.10.31-09.06.43:634][  0]LogInit: Object subsystem initialized
[2014.10.31-09.06.43:636][  0]LogConsoleResponse:Warning: Skipping Unknown console variable: 'UIScaleRule = ShortestSide'
[2014.10.31-09.06.43:636][  0]LogConsoleResponse:Warning:   Found in ini file 'E:/Data/EPFL/Projet-bachelor/projet-oculus/ProjetOculusJDFZ/Saved/Config/Windows/Engine.ini', in section '[/Script/Engine.RendererSettings]'
[2014.10.31-09.06.43:636][  0]LogConsoleResponse:Warning: Skipping Unknown console variable: 'UIScaleCurve = (EditorCurveData=(Keys=((Time=480.000000,Value=0.444000),(Time=720.000000,Value=0.666000),(Time=1080.000000,Value=1.000000),(Time=8640.000000,Value=8.000000))),ExternalCurve=None)'
[2014.10.31-09.06.43:636][  0]LogConsoleResponse:Warning:   Found in ini file 'E:/Data/EPFL/Projet-bachelor/projet-oculus/ProjetOculusJDFZ/Saved/Config/Windows/Engine.ini', in section '[/Script/Engine.RendererSettings]'
[2014.10.31-09.06.43:637][  0]LogInit: Selected Device Profile: [Windows]
[2014.10.31-09.06.43:637][  0]LogInit: Applying CVar settings loaded from the selected device profile: [Windows]
[2014.10.31-09.06.43:649][  0]LogInit: Computer: WALONO-TOUR
[2014.10.31-09.06.43:649][  0]LogInit: User: Walono
[2014.10.31-09.06.43:649][  0]LogInit: CPU Page size=4096, Cores=4
[2014.10.31-09.06.43:649][  0]LogInit: High frequency timer resolution =3.904013 MHz
[2014.10.31-09.06.43:649][  0]LogMemory: Memory total: Physical=7.9GB (8GB approx) Virtual=8192.0GB
[2014.10.31-09.06.43:650][  0]LogMemory: Platform Memory Stats for Windows
[2014.10.31-09.06.43:650][  0]LogMemory: Process Physical Memory: 65.14 MB used, 65.14 MB peak
[2014.10.31-09.06.43:650][  0]LogMemory: Process Virtual Memory: 40.42 MB used, 40.42 MB peak
[2014.10.31-09.06.43:650][  0]LogMemory: Physical Memory: 3027.51 MB used, 8134.96 MB total
[2014.10.31-09.06.43:650][  0]LogMemory: Virtual Memory: 273.38 MB used, 8388608.00 MB total
[2014.10.31-09.06.43:671][  0]LogD3D11RHI: Found D3D11 adapter 0: NVIDIA GeForce GTX 780 (Feature Level 11_0)
[2014.10.31-09.06.43:671][  0]LogD3D11RHI: Adapter has 2994MB of dedicated video memory, 0MB of dedicated system memory, and 3811MB of shared system memory, 2 output[s]
[2014.10.31-09.06.43:671][  0]LogD3D11RHI: Chosen D3D11 Adapter Id = 0
[2014.10.31-09.06.43:674][  0]LogRHI: Texture pool is 1361 MB (70% of 1945 MB)
[2014.10.31-09.06.43:679][  0]LogD3D11RHI: Async texture creation enabled
[2014.10.31-09.06.43:716][  0]LogTextLocalizationManager: The requested culture ('fr_CH') has no localization data; falling back to 'en' for localization and internationalization data.
[2014.10.31-09.06.43:826][  0]LogContentStreaming: Texture pool size is 0.000000MB
[2014.10.31-09.06.46:985][  0]LogTargetPlatformManager:Display: Building Assets For Windows
[2014.10.31-09.06.47:221][  0]LogTargetPlatformManager:Display: Building Assets For Windows
[2014.10.31-09.06.47:252][  0]LogDerivedDataCache:Display: Max Cache Size: 512 MB
[2014.10.31-09.06.47:282][  0]LogDerivedDataCache: Loaded boot cache 0.03s 39MB C:/Users/Walono/AppData/Local/UnrealEngine/4.5/DerivedDataCache/Boot.ddc.
[2014.10.31-09.06.47:282][  0]LogDerivedDataCache:Display: Loaded Boot cache: C:/Users/Walono/AppData/Local/UnrealEngine/4.5/DerivedDataCache/Boot.ddc
[2014.10.31-09.06.47:282][  0]LogDerivedDataCache: FDerivedDataBackendGraph:  Pak pak cache file ../../../../../../Data/EPFL/Projet-bachelor/projet-oculus/ProjetOculusJDFZ/DerivedDataCache/DDC.ddp not found, will not use a pak cache.
[2014.10.31-09.06.47:282][  0]LogDerivedDataCache: Unable to find inner node Pak for hierarchical cache Hierarchy.
[2014.10.31-09.06.47:325][  0]LogDerivedDataCache:Display: Pak cache opened for reading ../../../Engine/DerivedDataCache/DDC.ddp.
[2014.10.31-09.06.47:336][  0]LogDerivedDataCache: Using Local data cache path C:/Users/Walono/AppData/Local/UnrealEngine/Common/DerivedDataCache: Writable
[2014.10.31-09.06.47:437][  0]LogMeshUtilities: No automatic mesh reduction module available
[2014.10.31-09.06.47:437][  0]LogMeshUtilities: No automatic mesh merging module available
[2014.10.31-09.06.47:571][  0]LogLinker:Warning: Asset '../../../Engine/Content/Functions/Engine_MaterialFunctions02/Texturing/FlipBook.uasset' has been saved with empty engine version. The asset will be loaded but may be incompatible.
[2014.10.31-09.06.47:573][  0]LogLinker:Warning: Asset '../../../Engine/Content/Functions/Engine_MaterialFunctions02/ExampleContent/Textures/flipbook.uasset' has been saved with empty engine version. The asset will be loaded but may be incompatible.
[2014.10.31-09.06.47:682][  0]LogInit: WinSock: version 1.1 (2.2), MaxSocks=32767, MaxUdp=65467
[2014.10.31-09.06.48:136][  0]UdpMessaging: Initializing bridge on interface 0.0.0.0:0 to multicast group 230.0.0.1:6666.
[2014.10.31-09.06.48:218][  0]LogClass: AGameGeneratedActor::Lathe POINTS 10
[2014.10.31-09.06.48:349][  0]SourceControl: Info Source control is disabled
[2014.10.31-09.06.48:349][  0]SourceControl: Info Source control is disabled
[2014.10.31-09.06.48:352][  0]SourceControl: Info Source control is disabled
[2014.10.31-09.06.48:426][  0]LogObj: 22945 objects as part of root set at end of initial load.
[2014.10.31-09.06.48:426][  0]LogUObjectAllocator: 4819800 out of 0 bytes used by permanent object pool.
[2014.10.31-09.06.48:462][  0]LogEngine: Initializing Engine...
[2014.10.31-09.06.48:540][  0]LogInit: XAudio2 using 'Speakers (3- High Definition Audio Device)' : 2 channels at 44.1 kHz using 16 bits per sample (channel mask 0x3)
[2014.10.31-09.06.48:544][  0]LogInit: FAudioDevice initialized.
[2014.10.31-09.06.48:555][  0]LogAIModule: Creating AISystem for world NewWorld
[2014.10.31-09.06.48:571][  0]LogDerivedDataCache: Saved boot cache 0.02s 39MB C:/Users/Walono/AppData/Local/UnrealEngine/4.5/DerivedDataCache/Boot.ddc.
[2014.10.31-09.06.48:574][  0]LogInit: Texture streaming: Enabled
[2014.10.31-09.06.48:597][  0]LogInit: Transaction tracking system initialized
[2014.10.31-09.06.48:643][  0]BlueprintLog: New page: Editor Load
[2014.10.31-09.06.48:663][  0]LogAssetRegistry: FAssetRegistry took 0.0100 seconds to start up
[2014.10.31-09.06.48:663][  0]LogDirectoryWatcher:Warning: Failed to begin reading directory changes for ../../../Engine/Plugins/Experimental/CharacterAI/Content/. Error: 0
[2014.10.31-09.06.48:920][  0]LogTargetPlatformManager:Display: Building Assets For Windows
[2014.10.31-09.06.49:119][  0]LogTargetPlatformManager:Display: Building Assets For Windows
[2014.10.31-09.06.49:226][  0]LogConsoleResponse:Display: 
[2014.10.31-09.06.49:326][  0]SourceControl: Info Source control is disabled
[2014.10.31-09.06.49:326][  0]Cmd: MAP LOAD FILE="../../../../../../Data/EPFL/Projet-bachelor/projet-oculus/ProjetOculusJDFZ/Content/StartLvl.umap" TEMPLATE=0 SHOWPROGRESS=1
[2014.10.31-09.06.49:339][  0]LightingResults: New page: Lighting Build
[2014.10.31-09.06.49:344][  0]MapCheck: New page: Map Check
[2014.10.31-09.06.49:344][  0]LightingResults: New page: Lighting Build
[2014.10.31-09.06.49:354][  0]LogParticles: Destroying 0 GPU particle simulations for FXSystem 0x000000001140BBA0
[2014.10.31-09.06.49:481][  0]LogEditorServer: Finished looking for orphan Actors (0.000 secs)
[2014.10.31-09.06.49:481][  0]LogAIModule: Creating AISystem for world StartLvl
[2014.10.31-09.06.49:481][  0]Cmd: MAP CHECKDEP
[2014.10.31-09.06.49:481][  0]MapCheck: New page: StartLvl - Oct 31, 2014, 11:06:49 AM
[2014.10.31-09.06.49:523][  0]MapCheck: Info Map check complete: 0 Error(s), 0 Warning(s), took 42.137ms to complete.
[2014.10.31-09.06.49:523][  0]LogFileHelpers: Loading map 'StartLvl' took 0.197
[2014.10.31-09.06.49:963][  0]LogCollectionManager: Loaded 0 collections in 0.001603 seconds
[2014.10.31-09.06.50:062][  0]LogContentBrowser:Verbose: The content browser source was changed by the sources view to '/Game'
[2014.10.31-09.06.50:603][  0]LogCrashTracker: Crashtracker disabled due to settings.
[2014.10.31-09.06.50:686][  0]LogUObjectGlobals:Warning: Failed to find object 'Class None.'
[2014.10.31-09.06.50:745][  0]LogLoad: Full Startup: 9.23 seconds (BP compile: 0.04 seconds)
[2014.10.31-09.06.51:204][  0]LogRenderer:Warning: Reallocating scene render targets to support 1136x904.
[2014.10.31-09.06.51:429][  1]LogAssetRegistry: Asset discovery search completed in 2.7770 seconds
[2014.10.31-09.07.02:795][206]BlueprintLog: New page: Pre-PIE auto-recompile
[2014.10.31-09.07.02:795][206]LogPlayLevel: [PIE] Compiling StartLvl before PIE...
[2014.10.31-09.07.02:935][206]LogPlayLevel: PIE:  Blueprint regeneration took 140 ms (1 blueprints)
[2014.10.31-09.07.02:938][206]PIE: New page: PIE session: StartLvl (Oct 31, 2014, 11:07:02 AM)
[2014.10.31-09.07.02:939][206]LogPlayLevel: PIE: StaticDuplicateObject took: (0.001441s)
[2014.10.31-09.07.02:940][206]LogPlayLevel: PIE: World Init took: (0.000343s)
[2014.10.31-09.07.02:940][206]LogPlayLevel: PIE: Created PIE world by copying editor world from /Game/StartLvl.StartLvl to /Game/UEDPIE_0_StartLvl.StartLvl (0.001882s)
[2014.10.31-09.07.03:025][206]LogWorld: Game class is 'ProjetOculusJDFZGameMode'
[2014.10.31-09.07.03:082][206]LogAIModule: Creating AISystem for world StartLvl
[2014.10.31-09.07.03:083][206]LogWorld: Bringing World /Game/UEDPIE_0_StartLvl.StartLvl up for play (max tick rate 0) at 2014.10.31-10.07.03
[2014.10.31-09.07.03:083][206]LogWorld: Bringing up level for play took: 0.000899
[2014.10.31-09.07.03:204][206]LogClass: AGameGeneratedActor::Lathe POINTS 10
[2014.10.31-09.07.03:213][206]PIE: Info Play in editor start time for /Game/UEDPIE_0_StartLvl 0.298
[2014.10.31-09.08.13:924][628]LogParticles: Destroying 0 GPU particle simulations for FXSystem 0x000000000E55ECA0
[2014.10.31-09.10.25:424][320]BlueprintLog: New page: Pre-PIE auto-recompile
[2014.10.31-09.10.25:424][320]LogPlayLevel: [PIE] Compiling StartLvl before PIE...
[2014.10.31-09.10.25:466][320]LogPlayLevel: PIE:  Blueprint regeneration took 41 ms (1 blueprints)
[2014.10.31-09.10.25:466][320]PIE: New page: PIE session: StartLvl (Oct 31, 2014, 11:10:25 AM)
[2014.10.31-09.10.25:468][320]LogPlayLevel: PIE: StaticDuplicateObject took: (0.001718s)
[2014.10.31-09.10.25:468][320]LogPlayLevel: PIE: World Init took: (0.000720s)
[2014.10.31-09.10.25:469][320]LogPlayLevel: PIE: Created PIE world by copying editor world from /Game/StartLvl.StartLvl to /Game/UEDPIE_0_StartLvl.StartLvl (0.002563s)
[2014.10.31-09.10.25:492][320]LogWorld: Game class is 'ProjetOculusJDFZGameMode'
[2014.10.31-09.10.25:493][320]LogAIModule: Creating AISystem for world StartLvl
[2014.10.31-09.10.25:494][320]LogWorld: Bringing World /Game/UEDPIE_0_StartLvl.StartLvl up for play (max tick rate 0) at 2014.10.31-10.10.25
[2014.10.31-09.10.25:494][320]LogWorld: Bringing up level for play took: 0.000518
[2014.10.31-09.10.25:494][320]LogClass: AGameGeneratedActor::Lathe POINTS 10
[2014.10.31-09.10.25:499][320]PIE: Info Play in editor start time for /Game/UEDPIE_0_StartLvl 0.582
[2014.10.31-09.11.57:664][333]LogParticles: Destroying 0 GPU particle simulations for FXSystem 0x000000000B8EB9C0
[2014.10.31-09.15.39:419][414]LogEditorViewport: Clicking on Actor (LMB): BP_Sky_Sphere_C (BP_Sky_Shere)
[2014.10.31-09.39.15:419][137]BlueprintLog: New page: Pre-PIE auto-recompile
[2014.10.31-09.39.15:419][137]LogPlayLevel: [PIE] Compiling StartLvl before PIE...
[2014.10.31-09.39.15:457][137]LogPlayLevel: PIE:  Blueprint regeneration took 38 ms (1 blueprints)
[2014.10.31-09.39.15:457][137]PIE: New page: PIE session: StartLvl (Oct 31, 2014, 11:39:15 AM)
[2014.10.31-09.39.15:460][137]LogPlayLevel: PIE: StaticDuplicateObject took: (0.002465s)
[2014.10.31-09.39.15:460][137]LogPlayLevel: PIE: World Init took: (0.000399s)
[2014.10.31-09.39.15:460][137]LogPlayLevel: PIE: Created PIE world by copying editor world from /Game/StartLvl.StartLvl to /Game/UEDPIE_0_StartLvl.StartLvl (0.002965s)
[2014.10.31-09.39.15:489][137]LogWorld: Game class is 'ProjetOculusJDFZGameMode'
[2014.10.31-09.39.15:490][137]LogAIModule: Creating AISystem for world StartLvl
[2014.10.31-09.39.15:490][137]LogWorld: Bringing World /Game/UEDPIE_0_StartLvl.StartLvl up for play (max tick rate 0) at 2014.10.31-10.39.15
[2014.10.31-09.39.15:490][137]LogWorld: Bringing up level for play took: 0.000570
[2014.10.31-09.39.15:491][137]LogClass: AGameGeneratedActor::Lathe POINTS 10
[2014.10.31-09.39.15:495][137]PIE: Info Play in editor start time for /Game/UEDPIE_0_StartLvl 0.567
[2014.10.31-09.39.22:359][936]LogParticles: Destroying 0 GPU particle simulations for FXSystem 0x000000000B8E93A0
[2014.10.31-09.39.43:695][659]LogEditorViewport: Clicking on Actor (context menu): BP_Sky_Sphere_C (BP_Sky_Shere)
[2014.10.31-09.39.45:538][823]LogEditorViewport: Clicking on Actor (LMB): BP_Sky_Sphere_C (BP_Sky_Shere)
[2014.10.31-09.39.50:083][337]LogEditorViewport: Clicking on Actor (LMB): StaticMeshActor (SM_Template_Map_Floor)
[2014.10.31-09.39.50:342][337]LogEditorViewport: Clicking on Actor (double click): StaticMeshActor (SM_Template_Map_Floor)
[2014.10.31-09.39.50:514][339]LogEditorViewport: Clicking on Actor (LMB): StaticMeshActor (SM_Template_Map_Floor)
[2014.10.31-09.41.53:517][502]Cmd: QUIT_EDITOR
[2014.10.31-09.41.53:731][502]LogExit: Preparing to exit.
[2014.10.31-09.41.54:348][502]LogExit: Editor shut down
[2014.10.31-09.41.54:349][502]LogExit: Transaction tracking system shut down
[2014.10.31-09.41.54:349][502]LogParticles: Destroying 0 GPU particle simulations for FXSystem 0x000000000E55C180
[2014.10.31-09.41.54:365][502]LogParticles: Destroying 0 GPU particle simulations for FXSystem 0x000000001EA113A0
[2014.10.31-09.41.54:365][502]LogParticles: Destroying 0 GPU particle simulations for FXSystem 0x00000000167E1300
[2014.10.31-09.41.54:365][502]LogExit: Object subsystem successfully closed.
[2014.10.31-09.41.54:392][502]LogModuleManager: Shutting down and abandoning module AndroidDeviceDetection (167)
[2014.10.31-09.41.54:392][502]LogModuleManager: Shutting down and abandoning module CrashTracker (166)
[2014.10.31-09.41.54:392][502]LogModuleManager: Shutting down and abandoning module SuperSearch (165)
[2014.10.31-09.41.54:392][502]LogModuleManager: Shutting down and abandoning module SceneOutliner (164)
[2014.10.31-09.41.54:392][502]LogModuleManager: Shutting down and abandoning module EditorWidgets (163)
[2014.10.31-09.41.54:392][502]LogModuleManager: Shutting down and abandoning module CollectionManager (162)
[2014.10.31-09.41.54:392][502]LogModuleManager: Shutting down and abandoning module StatsViewer (161)
[2014.10.31-09.41.54:392][502]LogModuleManager: Shutting down and abandoning module FoliageEdit (160)
[2014.10.31-09.41.54:392][502]LogModuleManager: Shutting down and abandoning module LandscapeEditor (159)
[2014.10.31-09.41.54:392][502]LogModuleManager: Shutting down and abandoning module MeshPaint (158)
[2014.10.31-09.41.54:392][502]LogModuleManager: Shutting down and abandoning module ActorPickerMode (157)
[2014.10.31-09.41.54:392][502]LogModuleManager: Shutting down and abandoning module GeometryMode (156)
[2014.10.31-09.41.54:392][502]LogModuleManager: Shutting down and abandoning module TextureAlignMode (155)
[2014.10.31-09.41.54:392][502]LogModuleManager: Shutting down and abandoning module BspMode (154)
[2014.10.31-09.41.54:392][502]LogModuleManager: Shutting down and abandoning module PlacementMode (153)
[2014.10.31-09.41.54:392][502]LogModuleManager: Shutting down and abandoning module AutomationWorker (152)
[2014.10.31-09.41.54:392][502]LogModuleManager: Shutting down and abandoning module CharacterAI (151)
[2014.10.31-09.41.54:392][502]LogModuleManager: Shutting down and abandoning module GameProjectGeneration (150)
[2014.10.31-09.41.54:392][502]LogModuleManager: Shutting down and abandoning module IntroTutorials (149)
[2014.10.31-09.41.54:392][502]LogModuleManager: Shutting down and abandoning module EditorLiveStreaming (148)
[2014.10.31-09.41.54:392][502]LogModuleManager: Shutting down and abandoning module HardwareTargeting (147)
[2014.10.31-09.41.54:393][502]LogModuleManager: Shutting down and abandoning module BehaviorTreeEditor (146)
[2014.10.31-09.41.54:393][502]LogModuleManager: Shutting down and abandoning module DeviceProfileEditor (145)
[2014.10.31-09.41.54:393][502]LogModuleManager: Shutting down and abandoning module UndoHistory (144)
[2014.10.31-09.41.54:393][502]LogModuleManager: Shutting down and abandoning module GameplayTagsEditor (143)
[2014.10.31-09.41.54:393][502]LogModuleManager: Shutting down and abandoning module UserFeedback (142)
[2014.10.31-09.41.54:393][502]LogModuleManager: Shutting down and abandoning module XmlParser (141)
[2014.10.31-09.41.54:393][502]LogModuleManager: Shutting down and abandoning module Blutility (140)
[2014.10.31-09.41.54:393][502]LogModuleManager: Shutting down and abandoning module IOSPlatformEditor (139)
[2014.10.31-09.41.54:393][502]LogModuleManager: Shutting down and abandoning module IOSRuntimeSettings (138)
[2014.10.31-09.41.54:393][502]LogModuleManager: Shutting down and abandoning module AndroidPlatformEditor (137)
[2014.10.31-09.41.54:393][502]LogModuleManager: Shutting down and abandoning module AndroidRuntimeSettings (136)
[2014.10.31-09.41.54:393][502]LogModuleManager: Shutting down and abandoning module ProjectTargetPlatformEditor (135)
[2014.10.31-09.41.54:393][502]LogModuleManager: Shutting down and abandoning module ProjectSettingsViewer (134)
[2014.10.31-09.41.54:393][502]LogModuleManager: Shutting down and abandoning module InputBindingEditor (133)
[2014.10.31-09.41.54:393][502]LogModuleManager: Shutting down and abandoning module EditorSettingsViewer (132)
[2014.10.31-09.41.54:393][502]LogModuleManager: Shutting down and abandoning module SettingsEditor (131)
[2014.10.31-09.41.54:393][502]LogModuleManager: Shutting down and abandoning module ProjectLauncher (130)
[2014.10.31-09.41.54:393][502]LogModuleManager: Shutting down and abandoning module SessionFrontend (129)
[2014.10.31-09.41.54:393][502]LogModuleManager: Shutting down and abandoning module ProfilerClient (128)
[2014.10.31-09.41.54:393][502]LogModuleManager: Shutting down and abandoning module TargetDeviceServices (127)
[2014.10.31-09.41.54:393][502]LogModuleManager: Shutting down and abandoning module DeviceManager (126)
[2014.10.31-09.41.54:393][502]LogModuleManager: Shutting down and abandoning module AutomationController (125)
[2014.10.31-09.41.54:393][502]LogModuleManager: Shutting down and abandoning module AutomationWindow (124)
[2014.10.31-09.41.54:393][502]LogModuleManager: Shutting down and abandoning module Layers (123)
[2014.10.31-09.41.54:393][502]LogModuleManager: Shutting down and abandoning module ComponentVisualizers (122)
[2014.10.31-09.41.54:393][502]LogModuleManager: Shutting down and abandoning module DetailCustomizations (121)
[2014.10.31-09.41.54:393][502]LogModuleManager: Shutting down and abandoning module PackagesDialog (120)
[2014.10.31-09.41.54:393][502]LogModuleManager: Shutting down and abandoning module AssetRegistry (119)
[2014.10.31-09.41.54:461][502]LogModuleManager: Shutting down and abandoning module Persona (118)
[2014.10.31-09.41.54:461][502]LogModuleManager: Shutting down and abandoning module Kismet (117)
[2014.10.31-09.41.54:461][502]LogModuleManager: Shutting down and abandoning module GraphEditor (116)
[2014.10.31-09.41.54:461][502]LogModuleManager: Shutting down and abandoning module ClassViewer (115)
[2014.10.31-09.41.54:461][502]LogModuleManager: Shutting down and abandoning module Toolbox (114)
[2014.10.31-09.41.54:461][502]LogModuleManager: Shutting down and abandoning module ModuleUI (113)
[2014.10.31-09.41.54:461][502]LogModuleManager: Shutting down and abandoning module MovieSceneTools (112)
[2014.10.31-09.41.54:461][502]LogModuleManager: Shutting down and abandoning module OutputLog (111)
[2014.10.31-09.41.54:461][502]LogModuleManager: Shutting down and abandoning module GammaUI (110)
[2014.10.31-09.41.54:461][502]LogModuleManager: Shutting down and abandoning module Documentation (109)
[2014.10.31-09.41.54:461][502]LogModuleManager: Shutting down and abandoning module GameLiveStreaming (108)
[2014.10.31-09.41.54:461][502]LogModuleManager: Shutting down and abandoning module StreamingPauseRendering (107)
[2014.10.31-09.41.54:461][502]LogModuleManager: Shutting down and abandoning module HTTP (106)
[2014.10.31-09.41.54:461][502]LogModuleManager: Shutting down and abandoning module AnalyticsET (105)
[2014.10.31-09.41.54:461][502]LogModuleManager: Shutting down and abandoning module Analytics (104)
[2014.10.31-09.41.54:461][502]LogModuleManager: Shutting down and abandoning module GameplayDebugger (103)
[2014.10.31-09.41.54:461][502]LogModuleManager: Shutting down and abandoning module AIModule (102)
[2014.10.31-09.41.54:461][502]LogModuleManager: Shutting down and abandoning module ProfilerService (101)
[2014.10.31-09.41.54:577][502]LogModuleManager: Shutting down and abandoning module TaskGraph (100)
[2014.10.31-09.41.54:577][502]LogModuleManager: Shutting down and abandoning module SlateRemote (99)
[2014.10.31-09.41.54:577][502]LogModuleManager: Shutting down and abandoning module ScriptEditorPlugin (98)
[2014.10.31-09.41.54:577][502]LogModuleManager: Shutting down and abandoning module CustomMeshComponent (97)
[2014.10.31-09.41.54:577][502]LogModuleManager: Shutting down and abandoning module CableComponent (96)
[2014.10.31-09.41.54:577][502]LogModuleManager: Shutting down and abandoning module MessagingDebugger (95)
[2014.10.31-09.41.54:577][502]LogModuleManager: Shutting down and abandoning module MediaPlayerEditor (94)
[2014.10.31-09.41.54:577][502]LogModuleManager: Shutting down and abandoning module SpeedTreeImporter (93)
[2014.10.31-09.41.54:577][502]LogModuleManager: Shutting down and abandoning module PluginsEditor (92)
[2014.10.31-09.41.54:577][502]LogModuleManager: Shutting down and abandoning module EpicSurvey (91)
[2014.10.31-09.41.54:577][502]LogModuleManager: Shutting down and abandoning module DesktopPlatform (90)
[2014.10.31-09.41.54:577][502]LogModuleManager: Shutting down and abandoning module VisualStudioSourceCodeAccess (89)
[2014.10.31-09.41.54:577][502]LogModuleManager: Shutting down and abandoning module UObjectPlugin (88)
[2014.10.31-09.41.54:577][502]LogModuleManager: Shutting down and abandoning module SubversionSourceControl (87)
[2014.10.31-09.41.54:577][502]LogModuleManager: Shutting down and abandoning module SourceControl (86)
[2014.10.31-09.41.54:577][502]LogModuleManager: Shutting down and abandoning module PerforceSourceControl (85)
[2014.10.31-09.41.54:577][502]LogModuleManager: Shutting down and abandoning module BlankPlugin (84)
[2014.10.31-09.41.54:577][502]LogModuleManager: Shutting down and abandoning module SlateReflector (83)
[2014.10.31-09.41.54:577][502]LogModuleManager: Shutting down and abandoning module DirectoryWatcher (82)
[2014.10.31-09.41.54:577][502]LogModuleManager: Shutting down and abandoning module HotReload (81)
[2014.10.31-09.41.54:577][502]LogModuleManager: Shutting down and abandoning module MainFrame (80)
[2014.10.31-09.41.54:577][502]LogModuleManager: Shutting down and abandoning module LevelEditor (79)
[2014.10.31-09.41.54:578][502]LogModuleManager: Shutting down and abandoning module ViewportSnapping (78)
[2014.10.31-09.41.54:578][502]LogModuleManager: Shutting down and abandoning module SmartSnapping (77)
[2014.10.31-09.41.54:578][502]LogModuleManager: Shutting down and abandoning module PaperTiledImporter (76)
[2014.10.31-09.41.54:578][502]LogModuleManager: Shutting down and abandoning module PaperJsonImporter (75)
[2014.10.31-09.41.54:578][502]LogModuleManager: Shutting down and abandoning module ContentBrowser (74)
[2014.10.31-09.41.54:578][502]LogModuleManager: Shutting down and abandoning module PropertyEditor (73)
[2014.10.31-09.41.54:578][502]LogModuleManager: Shutting down and abandoning module Paper2DEditor (72)
[2014.10.31-09.41.54:578][502]LogModuleManager: Shutting down and abandoning module ProjetOculusJDFZ (71)
[2014.10.31-09.41.54:578][502]LogModuleManager: Shutting down and abandoning module ScriptPlugin (70)
[2014.10.31-09.41.54:578][502]LogModuleManager: Shutting down and abandoning module UdpMessaging (69)
[2014.10.31-09.41.54:678][502]LogModuleManager: Shutting down and abandoning module Paper2D (68)
[2014.10.31-09.41.54:678][502]LogModuleManager: Shutting down and abandoning module WindowsMoviePlayer (67)
[2014.10.31-09.41.54:681][502]LogModuleManager: Shutting down and abandoning module Media (66)
[2014.10.31-09.41.54:682][502]LogModuleManager: Shutting down and abandoning module WmfMedia (65)
[2014.10.31-09.41.54:683][502]LogModuleManager: Shutting down and abandoning module OnlineBlueprintSupport (64)
[2014.10.31-09.41.54:683][502]LogModuleManager: Shutting down and abandoning module FunctionalTesting (63)
[2014.10.31-09.41.54:683][502]LogModuleManager: Shutting down and abandoning module CollisionAnalyzer (62)
[2014.10.31-09.41.54:683][502]LogModuleManager: Shutting down and abandoning module WorkspaceMenuStructure (61)
[2014.10.31-09.41.54:683][502]LogModuleManager: Shutting down and abandoning module MessageLog (60)
[2014.10.31-09.41.54:683][502]LogModuleManager: Shutting down and abandoning module Sequencer (59)
[2014.10.31-09.41.54:683][502]LogModuleManager: Shutting down and abandoning module AssetTools (58)
[2014.10.31-09.41.54:683][502]LogModuleManager: Shutting down and abandoning module UMGEditor (57)
[2014.10.31-09.41.54:683][502]LogModuleManager: Shutting down and abandoning module UMG (56)
[2014.10.31-09.41.54:683][502]LogModuleManager: Shutting down and abandoning module Slate (55)
[2014.10.31-09.41.54:683][502]LogModuleManager: Shutting down and abandoning module EditorStyle (54)
[2014.10.31-09.41.54:685][502]LogModuleManager: Shutting down and abandoning module SessionServices (53)
[2014.10.31-09.41.54:685][502]LogModuleManager: Shutting down and abandoning module SourceCodeAccess (52)
[2014.10.31-09.41.54:685][502]LogModuleManager: Shutting down and abandoning module HeadMountedDisplay (51)
[2014.10.31-09.41.54:685][502]LogModuleManager: Shutting down and abandoning module XAudio2 (50)
[2014.10.31-09.41.54:685][502]LogModuleManager: Shutting down and abandoning module Networking (48)
[2014.10.31-09.41.54:685][502]LogModuleManager: Shutting down and abandoning module Core (47)
[2014.10.31-09.41.54:685][502]LogModuleManager: Shutting down and abandoning module KismetCompiler (46)
[2014.10.31-09.41.54:685][502]LogModuleManager: Shutting down and abandoning module PhysXFormats (45)
[2014.10.31-09.41.54:685][502]LogModuleManager: Shutting down and abandoning module MeshUtilities (44)
[2014.10.31-09.41.54:685][502]LogModuleManager: Shutting down and abandoning module DerivedDataCache (43)
[2014.10.31-09.41.54:775][502]LogDerivedDataCache: Shutdown
[2014.10.31-09.41.54:775][502]LogModuleManager: Shutting down and abandoning module ShaderFormatOpenGL (42)
[2014.10.31-09.41.54:775][502]LogModuleManager: Shutting down and abandoning module ShaderFormatD3D (41)
[2014.10.31-09.41.54:775][502]LogModuleManager: Shutting down and abandoning module MetalShaderFormat (40)
[2014.10.31-09.41.54:775][502]LogModuleManager: Shutting down and abandoning module TextureFormatUncompressed (39)
[2014.10.31-09.41.54:775][502]LogModuleManager: Shutting down and abandoning module TextureFormatPVR (38)
[2014.10.31-09.41.54:775][502]LogModuleManager: Shutting down and abandoning module TextureFormatDXT (37)
[2014.10.31-09.41.54:775][502]LogModuleManager: Shutting down and abandoning module TextureFormatAndroid (36)
[2014.10.31-09.41.54:775][502]LogModuleManager: Shutting down and abandoning module AudioFormatOpus (35)
[2014.10.31-09.41.54:775][502]LogModuleManager: Shutting down and abandoning module AudioFormatOgg (34)
[2014.10.31-09.41.54:775][502]LogModuleManager: Shutting down and abandoning module AudioFormatADPCM (33)
[2014.10.31-09.41.54:775][502]LogModuleManager: Shutting down and abandoning module Messaging (32)
[2014.10.31-09.41.54:775][502]LogModuleManager: Shutting down and abandoning module IOSTargetPlatform (31)
[2014.10.31-09.41.54:775][502]LogModuleManager: Shutting down and abandoning module Android_PVRTCTargetPlatform (30)
[2014.10.31-09.41.54:775][502]LogModuleManager: Shutting down and abandoning module Android_ETC2TargetPlatform (29)
[2014.10.31-09.41.54:775][502]LogModuleManager: Shutting down and abandoning module Android_ETC1TargetPlatform (28)
[2014.10.31-09.41.54:775][502]LogModuleManager: Shutting down and abandoning module Android_DXTTargetPlatform (27)
[2014.10.31-09.41.54:775][502]LogModuleManager: Shutting down and abandoning module Android_ATCTargetPlatform (26)
[2014.10.31-09.41.54:775][502]LogModuleManager: Shutting down and abandoning module AndroidTargetPlatform (25)
[2014.10.31-09.41.54:775][502]LogModuleManager: Shutting down and abandoning module WindowsTargetPlatform (24)
[2014.10.31-09.41.54:775][502]LogModuleManager: Shutting down and abandoning module WindowsServerTargetPlatform (23)
[2014.10.31-09.41.54:775][502]LogModuleManager: Shutting down and abandoning module WindowsNoEditorTargetPlatform (22)
[2014.10.31-09.41.54:775][502]LogModuleManager: Shutting down and abandoning module WindowsClientTargetPlatform (21)
[2014.10.31-09.41.54:775][502]LogModuleManager: Shutting down and abandoning module TargetPlatform (20)
[2014.10.31-09.41.54:775][502]LogModuleManager: Shutting down and abandoning module InputCore (19)
[2014.10.31-09.41.54:775][502]LogModuleManager: Shutting down and abandoning module Settings (18)
[2014.10.31-09.41.54:775][502]LogModuleManager: Shutting down and abandoning module ImageWrapper (17)
[2014.10.31-09.41.54:775][502]LogModuleManager: Shutting down and abandoning module OculusRift (14)
[2014.10.31-09.41.54:775][502]LogModuleManager: Shutting down and abandoning module ExampleDeviceProfileSelector (13)
[2014.10.31-09.41.54:775][502]LogModuleManager: Shutting down and abandoning module TextureCompressor (12)
[2014.10.31-09.41.54:775][502]LogModuleManager: Shutting down and abandoning module ShaderCore (11)
[2014.10.31-09.41.54:775][502]LogModuleManager: Shutting down and abandoning module SlateRHIRenderer (10)
[2014.10.31-09.41.54:775][502]LogModuleManager: Shutting down and abandoning module OpenGLDrv (9)
[2014.10.31-09.41.54:775][502]LogModuleManager: Shutting down and abandoning module D3D11RHI (8)
[2014.10.31-09.41.54:775][502]LogModuleManager: Shutting down and abandoning module Renderer (7)
[2014.10.31-09.41.54:775][502]LogModuleManager: Shutting down and abandoning module Engine (6)
[2014.10.31-09.41.54:775][502]LogModuleManager: Shutting down and abandoning module CoreUObject (5)
[2014.10.31-09.41.54:775][502]LogModuleManager: Shutting down and abandoning module NetworkFile (4)
[2014.10.31-09.41.54:775][502]LogModuleManager: Shutting down and abandoning module StreamingFile (3)
[2014.10.31-09.41.54:775][502]LogModuleManager: Shutting down and abandoning module SandboxFile (2)
[2014.10.31-09.41.54:775][502]LogModuleManager: Shutting down and abandoning module PakFile (1)
[2014.10.31-09.41.54:776][502]LogExit: Exiting.
[2014.10.31-09.41.54:779][502]Log file closed, 10/31/14 10:41:54
