Log file open, 10/28/14 14:04:55
LogInit:Display: Running engine for game: ProjetOculusJDFZ
LogInit: Version: 4.5.1-2336687+++depot+UE4-Releases+4.5
LogInit: API Version: 2326478
LogInit: Compiled (64-bit): Oct 21 2014 22:32:40
LogInit: Compiled with Visual C++: 18.00.21005.01
LogInit: Build Configuration: Development
LogInit: Branch Name: ++depot+UE4-Releases+4.5
LogInit: Command line: 
LogInit: Base directory: E:/programme/Epic Games/4.5/Engine/Binaries/Win64/
LogInit: Rocket: 1
[2014.10.28-13.04.55:350][  0]LogTaskGraph: Started task graph with 3 named threads and 4 total threads.
[2014.10.28-13.04.55:377][  0]LogOnline:Warning: No default platform service specified for OnlineSubsystem
[2014.10.28-13.04.55:479][  0]LogInit: Presizing for 0 objects not considered by GC, pre-allocating 0 bytes.
[2014.10.28-13.04.55:486][  0]LogInit: Object subsystem initialized
[2014.10.28-13.04.55:489][  0]LogConsoleResponse:Warning: Skipping Unknown console variable: 'UIScaleRule = ShortestSide'
[2014.10.28-13.04.55:489][  0]LogConsoleResponse:Warning:   Found in ini file 'E:/Data/EPFL/Projet-bachelor/projet-oculus/ProjetOculusJDFZ/Saved/Config/Windows/Engine.ini', in section '[/Script/Engine.RendererSettings]'
[2014.10.28-13.04.55:489][  0]LogConsoleResponse:Warning: Skipping Unknown console variable: 'UIScaleCurve = (EditorCurveData=(Keys=((Time=480,Value=0.444),(Time=720,Value=0.666),(Time=1080,Value=1.0),(Time=8640,Value=8.0))),ExternalCurve=None)'
[2014.10.28-13.04.55:489][  0]LogConsoleResponse:Warning:   Found in ini file 'E:/Data/EPFL/Projet-bachelor/projet-oculus/ProjetOculusJDFZ/Saved/Config/Windows/Engine.ini', in section '[/Script/Engine.RendererSettings]'
[2014.10.28-13.04.55:490][  0]LogInit: Selected Device Profile: [Windows]
[2014.10.28-13.04.55:490][  0]LogInit: Applying CVar settings loaded from the selected device profile: [Windows]
[2014.10.28-13.04.55:493][  0]LogInit: Computer: WALONO-TOUR
[2014.10.28-13.04.55:493][  0]LogInit: User: Walono
[2014.10.28-13.04.55:494][  0]LogInit: CPU Page size=4096, Cores=4
[2014.10.28-13.04.55:494][  0]LogInit: High frequency timer resolution =3.904023 MHz
[2014.10.28-13.04.55:494][  0]LogMemory: Memory total: Physical=7.9GB (8GB approx) Virtual=8192.0GB
[2014.10.28-13.04.55:495][  0]LogMemory: Platform Memory Stats for Windows
[2014.10.28-13.04.55:495][  0]LogMemory: Process Physical Memory: 61.97 MB used, 61.97 MB peak
[2014.10.28-13.04.55:495][  0]LogMemory: Process Virtual Memory: 38.35 MB used, 38.35 MB peak
[2014.10.28-13.04.55:495][  0]LogMemory: Physical Memory: 2600.53 MB used, 8134.96 MB total
[2014.10.28-13.04.55:495][  0]LogMemory: Virtual Memory: 269.38 MB used, 8388608.00 MB total
[2014.10.28-13.04.55:617][  0]LogD3D11RHI: Found D3D11 adapter 0: NVIDIA GeForce GTX 780 (Feature Level 11_0)
[2014.10.28-13.04.55:617][  0]LogD3D11RHI: Adapter has 2994MB of dedicated video memory, 0MB of dedicated system memory, and 3811MB of shared system memory, 2 output[s]
[2014.10.28-13.04.55:617][  0]LogD3D11RHI: Chosen D3D11 Adapter Id = 0
[2014.10.28-13.04.55:621][  0]LogRHI: Texture pool is 1361 MB (70% of 1945 MB)
[2014.10.28-13.04.55:634][  0]LogD3D11RHI: Async texture creation enabled
[2014.10.28-13.04.55:776][  0]LogTextLocalizationManager: The requested culture ('fr_CH') has no localization data; falling back to 'en' for localization and internationalization data.
[2014.10.28-13.04.55:894][  0]LogContentStreaming: Texture pool size is 0.000000MB
[2014.10.28-13.04.59:232][  0]LogTargetPlatformManager:Display: Building Assets For Windows
[2014.10.28-13.04.59:551][  0]LogTargetPlatformManager:Display: Building Assets For Windows
[2014.10.28-13.04.59:584][  0]LogDerivedDataCache:Display: Max Cache Size: 512 MB
[2014.10.28-13.04.59:620][  0]LogDerivedDataCache: Loaded boot cache 0.04s 39MB C:/Users/Walono/AppData/Local/UnrealEngine/4.5/DerivedDataCache/Boot.ddc.
[2014.10.28-13.04.59:620][  0]LogDerivedDataCache:Display: Loaded Boot cache: C:/Users/Walono/AppData/Local/UnrealEngine/4.5/DerivedDataCache/Boot.ddc
[2014.10.28-13.04.59:621][  0]LogDerivedDataCache: FDerivedDataBackendGraph:  Pak pak cache file ../../../../../../Data/EPFL/Projet-bachelor/projet-oculus/ProjetOculusJDFZ/DerivedDataCache/DDC.ddp not found, will not use a pak cache.
[2014.10.28-13.04.59:621][  0]LogDerivedDataCache: Unable to find inner node Pak for hierarchical cache Hierarchy.
[2014.10.28-13.04.59:666][  0]LogDerivedDataCache:Display: Pak cache opened for reading ../../../Engine/DerivedDataCache/DDC.ddp.
[2014.10.28-13.04.59:678][  0]LogDerivedDataCache: Using Local data cache path C:/Users/Walono/AppData/Local/UnrealEngine/Common/DerivedDataCache: Writable
[2014.10.28-13.04.59:819][  0]LogMeshUtilities: No automatic mesh reduction module available
[2014.10.28-13.04.59:819][  0]LogMeshUtilities: No automatic mesh merging module available
[2014.10.28-13.04.59:957][  0]LogLinker:Warning: Asset '../../../Engine/Content/Functions/Engine_MaterialFunctions02/Texturing/FlipBook.uasset' has been saved with empty engine version. The asset will be loaded but may be incompatible.
[2014.10.28-13.04.59:959][  0]LogLinker:Warning: Asset '../../../Engine/Content/Functions/Engine_MaterialFunctions02/ExampleContent/Textures/flipbook.uasset' has been saved with empty engine version. The asset will be loaded but may be incompatible.
[2014.10.28-13.05.00:078][  0]LogInit: WinSock: version 1.1 (2.2), MaxSocks=32767, MaxUdp=65467
[2014.10.28-13.05.00:783][  0]UdpMessaging: Initializing bridge on interface 0.0.0.0:0 to multicast group 230.0.0.1:6666.
[2014.10.28-13.05.01:020][  0]SourceControl: Info Source control is disabled
[2014.10.28-13.05.01:020][  0]SourceControl: Info Source control is disabled
[2014.10.28-13.05.01:026][  0]SourceControl: Info Source control is disabled
[2014.10.28-13.05.01:143][  0]LogObj: 22919 objects as part of root set at end of initial load.
[2014.10.28-13.05.01:143][  0]LogUObjectAllocator: 4805384 out of 0 bytes used by permanent object pool.
[2014.10.28-13.05.01:187][  0]LogEngine: Initializing Engine...
[2014.10.28-13.05.01:294][  0]LogInit: XAudio2 using 'Speakers (3- High Definition Audio Device)' : 2 channels at 44.1 kHz using 16 bits per sample (channel mask 0x3)
[2014.10.28-13.05.01:306][  0]LogInit: FAudioDevice initialized.
[2014.10.28-13.05.01:319][  0]LogAIModule: Creating AISystem for world NewWorld
[2014.10.28-13.05.01:337][  0]LogDerivedDataCache: Saved boot cache 0.02s 39MB C:/Users/Walono/AppData/Local/UnrealEngine/4.5/DerivedDataCache/Boot.ddc.
[2014.10.28-13.05.01:340][  0]LogInit: Texture streaming: Enabled
[2014.10.28-13.05.01:377][  0]LogInit: Transaction tracking system initialized
[2014.10.28-13.05.01:475][  0]BlueprintLog: New page: Editor Load
[2014.10.28-13.05.01:502][  0]LogAssetRegistry: FAssetRegistry took 0.0097 seconds to start up
[2014.10.28-13.05.01:502][  0]LogDirectoryWatcher:Warning: Failed to begin reading directory changes for ../../../Engine/Plugins/Experimental/CharacterAI/Content/. Error: 0
[2014.10.28-13.05.01:821][  0]LogTargetPlatformManager:Display: Building Assets For Windows
[2014.10.28-13.05.02:045][  0]LogTargetPlatformManager:Display: Building Assets For Windows
[2014.10.28-13.05.03:034][  0]LogConsoleResponse:Display: 
[2014.10.28-13.05.03:158][  0]SourceControl: Info Source control is disabled
[2014.10.28-13.05.03:159][  0]Cmd: MAP LOAD FILE="../../../Engine/Content/Maps/Templates/Template_Default.umap" TEMPLATE=1 SHOWPROGRESS=1
[2014.10.28-13.05.03:159][  0]LightingResults: New page: Lighting Build
[2014.10.28-13.05.03:166][  0]MapCheck: New page: Map Check
[2014.10.28-13.05.03:166][  0]LightingResults: New page: Lighting Build
[2014.10.28-13.05.03:177][  0]LogParticles: Destroying 0 GPU particle simulations for FXSystem 0x0000000016BA2840
[2014.10.28-13.05.03:297][  0]LogEditorServer: Finished looking for orphan Actors (0.000 secs)
[2014.10.28-13.05.03:297][  0]LogAIModule: Creating AISystem for world Untitled_1
[2014.10.28-13.05.03:298][  0]Cmd: MAP CHECKDEP
[2014.10.28-13.05.03:299][  0]MapCheck: New page: Untitled_1 - Oct 28, 2014, 3:05:03 PM
[2014.10.28-13.05.03:347][  0]MapCheck: Info Map check complete: 0 Error(s), 0 Warning(s), took 48.716ms to complete.
[2014.10.28-13.05.03:348][  0]LogFileHelpers: Loading map 'Template_Default' took 0.189
[2014.10.28-13.05.03:950][  0]LogCollectionManager: Loaded 0 collections in 0.000794 seconds
[2014.10.28-13.05.05:043][  0]LogCrashTracker: Crashtracker disabled due to settings.
[2014.10.28-13.05.05:118][  0]LogUObjectGlobals:Warning: Failed to find object 'Class None.'
[2014.10.28-13.05.05:212][  0]LogLoad: Full Startup: 11.89 seconds (BP compile: 0.03 seconds)
[2014.10.28-13.05.05:761][  0]LogRenderer:Warning: Reallocating scene render targets to support 1136x904.
[2014.10.28-13.05.06:174][  1]LogAssetRegistry: Asset discovery search completed in 4.6828 seconds
[2014.10.28-13.05.10:322][425]LogPlayLevel: PIE:  No blueprints needed recompiling
[2014.10.28-13.05.10:333][425]PIE: New page: PIE session: Untitled_1 (Oct 28, 2014, 3:05:10 PM)
[2014.10.28-13.05.10:335][425]LogPlayLevel: PIE: StaticDuplicateObject took: (0.001245s)
[2014.10.28-13.05.10:336][425]LogPlayLevel: PIE: World Init took: (0.000596s)
[2014.10.28-13.05.10:337][425]LogPlayLevel: PIE: Created PIE world by copying editor world from /Temp/Untitled_1.Untitled_1 to /Temp/UEDPIE_0_Untitled_1.Untitled_1 (0.003294s)
[2014.10.28-13.05.10:416][425]LogWorld: Game class is 'GameMode'
[2014.10.28-13.05.10:481][425]LogAIModule: Creating AISystem for world Untitled_1
[2014.10.28-13.05.10:483][425]LogWorld: Bringing World /Temp/UEDPIE_0_Untitled_1.Untitled_1 up for play (max tick rate 0) at 2014.10.28-14.05.10
[2014.10.28-13.05.10:484][425]LogWorld: Bringing up level for play took: 0.001633
[2014.10.28-13.05.10:555][425]PIE: Info Play in editor start time for /Temp/UEDPIE_0_Untitled_1 0.33
[2014.10.28-13.05.31:737][884]LogParticles: Destroying 0 GPU particle simulations for FXSystem 0x000000000CF127A0
[2014.10.28-13.05.49:210][515]Cmd: QUIT_EDITOR
[2014.10.28-13.05.49:484][515]LogExit: Preparing to exit.
[2014.10.28-13.05.49:949][515]LogExit: Editor shut down
[2014.10.28-13.05.49:950][515]LogExit: Transaction tracking system shut down
[2014.10.28-13.05.49:952][515]LogParticles: Destroying 0 GPU particle simulations for FXSystem 0x000000001103DD00
[2014.10.28-13.05.49:976][515]LogExit: Object subsystem successfully closed.
[2014.10.28-13.05.50:015][515]LogModuleManager: Shutting down and abandoning module AndroidDeviceDetection (167)
[2014.10.28-13.05.50:015][515]LogModuleManager: Shutting down and abandoning module CrashTracker (166)
[2014.10.28-13.05.50:015][515]LogModuleManager: Shutting down and abandoning module SuperSearch (165)
[2014.10.28-13.05.50:015][515]LogModuleManager: Shutting down and abandoning module SceneOutliner (164)
[2014.10.28-13.05.50:016][515]LogModuleManager: Shutting down and abandoning module EditorWidgets (163)
[2014.10.28-13.05.50:016][515]LogModuleManager: Shutting down and abandoning module CollectionManager (162)
[2014.10.28-13.05.50:016][515]LogModuleManager: Shutting down and abandoning module StatsViewer (161)
[2014.10.28-13.05.50:016][515]LogModuleManager: Shutting down and abandoning module FoliageEdit (160)
[2014.10.28-13.05.50:016][515]LogModuleManager: Shutting down and abandoning module LandscapeEditor (159)
[2014.10.28-13.05.50:016][515]LogModuleManager: Shutting down and abandoning module MeshPaint (158)
[2014.10.28-13.05.50:017][515]LogModuleManager: Shutting down and abandoning module ActorPickerMode (157)
[2014.10.28-13.05.50:017][515]LogModuleManager: Shutting down and abandoning module GeometryMode (156)
[2014.10.28-13.05.50:017][515]LogModuleManager: Shutting down and abandoning module TextureAlignMode (155)
[2014.10.28-13.05.50:017][515]LogModuleManager: Shutting down and abandoning module BspMode (154)
[2014.10.28-13.05.50:017][515]LogModuleManager: Shutting down and abandoning module PlacementMode (153)
[2014.10.28-13.05.50:017][515]LogModuleManager: Shutting down and abandoning module AutomationWorker (152)
[2014.10.28-13.05.50:017][515]LogModuleManager: Shutting down and abandoning module CharacterAI (151)
[2014.10.28-13.05.50:018][515]LogModuleManager: Shutting down and abandoning module GameProjectGeneration (150)
[2014.10.28-13.05.50:018][515]LogModuleManager: Shutting down and abandoning module IntroTutorials (149)
[2014.10.28-13.05.50:018][515]LogModuleManager: Shutting down and abandoning module EditorLiveStreaming (148)
[2014.10.28-13.05.50:018][515]LogModuleManager: Shutting down and abandoning module HardwareTargeting (147)
[2014.10.28-13.05.50:018][515]LogModuleManager: Shutting down and abandoning module BehaviorTreeEditor (146)
[2014.10.28-13.05.50:018][515]LogModuleManager: Shutting down and abandoning module DeviceProfileEditor (145)
[2014.10.28-13.05.50:019][515]LogModuleManager: Shutting down and abandoning module UndoHistory (144)
[2014.10.28-13.05.50:019][515]LogModuleManager: Shutting down and abandoning module GameplayTagsEditor (143)
[2014.10.28-13.05.50:019][515]LogModuleManager: Shutting down and abandoning module UserFeedback (142)
[2014.10.28-13.05.50:019][515]LogModuleManager: Shutting down and abandoning module XmlParser (141)
[2014.10.28-13.05.50:019][515]LogModuleManager: Shutting down and abandoning module Blutility (140)
[2014.10.28-13.05.50:019][515]LogModuleManager: Shutting down and abandoning module IOSPlatformEditor (139)
[2014.10.28-13.05.50:019][515]LogModuleManager: Shutting down and abandoning module IOSRuntimeSettings (138)
[2014.10.28-13.05.50:020][515]LogModuleManager: Shutting down and abandoning module AndroidPlatformEditor (137)
[2014.10.28-13.05.50:020][515]LogModuleManager: Shutting down and abandoning module AndroidRuntimeSettings (136)
[2014.10.28-13.05.50:020][515]LogModuleManager: Shutting down and abandoning module ProjectTargetPlatformEditor (135)
[2014.10.28-13.05.50:020][515]LogModuleManager: Shutting down and abandoning module ProjectSettingsViewer (134)
[2014.10.28-13.05.50:020][515]LogModuleManager: Shutting down and abandoning module InputBindingEditor (133)
[2014.10.28-13.05.50:021][515]LogModuleManager: Shutting down and abandoning module EditorSettingsViewer (132)
[2014.10.28-13.05.50:021][515]LogModuleManager: Shutting down and abandoning module SettingsEditor (131)
[2014.10.28-13.05.50:021][515]LogModuleManager: Shutting down and abandoning module ProjectLauncher (130)
[2014.10.28-13.05.50:021][515]LogModuleManager: Shutting down and abandoning module SessionFrontend (129)
[2014.10.28-13.05.50:021][515]LogModuleManager: Shutting down and abandoning module ProfilerClient (128)
[2014.10.28-13.05.50:021][515]LogModuleManager: Shutting down and abandoning module TargetDeviceServices (127)
[2014.10.28-13.05.50:021][515]LogModuleManager: Shutting down and abandoning module DeviceManager (126)
[2014.10.28-13.05.50:022][515]LogModuleManager: Shutting down and abandoning module AutomationController (125)
[2014.10.28-13.05.50:022][515]LogModuleManager: Shutting down and abandoning module AutomationWindow (124)
[2014.10.28-13.05.50:022][515]LogModuleManager: Shutting down and abandoning module Layers (123)
[2014.10.28-13.05.50:022][515]LogModuleManager: Shutting down and abandoning module ComponentVisualizers (122)
[2014.10.28-13.05.50:022][515]LogModuleManager: Shutting down and abandoning module DetailCustomizations (121)
[2014.10.28-13.05.50:023][515]LogModuleManager: Shutting down and abandoning module PackagesDialog (120)
[2014.10.28-13.05.50:023][515]LogModuleManager: Shutting down and abandoning module AssetRegistry (119)
[2014.10.28-13.05.50:128][515]LogModuleManager: Shutting down and abandoning module Persona (118)
[2014.10.28-13.05.50:128][515]LogModuleManager: Shutting down and abandoning module Kismet (117)
[2014.10.28-13.05.50:128][515]LogModuleManager: Shutting down and abandoning module GraphEditor (116)
[2014.10.28-13.05.50:129][515]LogModuleManager: Shutting down and abandoning module ClassViewer (115)
[2014.10.28-13.05.50:129][515]LogModuleManager: Shutting down and abandoning module Toolbox (114)
[2014.10.28-13.05.50:129][515]LogModuleManager: Shutting down and abandoning module ModuleUI (113)
[2014.10.28-13.05.50:129][515]LogModuleManager: Shutting down and abandoning module MovieSceneTools (112)
[2014.10.28-13.05.50:130][515]LogModuleManager: Shutting down and abandoning module OutputLog (111)
[2014.10.28-13.05.50:130][515]LogModuleManager: Shutting down and abandoning module GammaUI (110)
[2014.10.28-13.05.50:130][515]LogModuleManager: Shutting down and abandoning module Documentation (109)
[2014.10.28-13.05.50:130][515]LogModuleManager: Shutting down and abandoning module GameLiveStreaming (108)
[2014.10.28-13.05.50:130][515]LogModuleManager: Shutting down and abandoning module StreamingPauseRendering (107)
[2014.10.28-13.05.50:131][515]LogModuleManager: Shutting down and abandoning module HTTP (106)
[2014.10.28-13.05.50:131][515]LogModuleManager: Shutting down and abandoning module AnalyticsET (105)
[2014.10.28-13.05.50:131][515]LogModuleManager: Shutting down and abandoning module Analytics (104)
[2014.10.28-13.05.50:131][515]LogModuleManager: Shutting down and abandoning module GameplayDebugger (103)
[2014.10.28-13.05.50:131][515]LogModuleManager: Shutting down and abandoning module AIModule (102)
[2014.10.28-13.05.50:132][515]LogModuleManager: Shutting down and abandoning module ProfilerService (101)
[2014.10.28-13.05.50:259][515]LogModuleManager: Shutting down and abandoning module TaskGraph (100)
[2014.10.28-13.05.50:260][515]LogModuleManager: Shutting down and abandoning module SlateRemote (99)
[2014.10.28-13.05.50:261][515]LogModuleManager: Shutting down and abandoning module ScriptEditorPlugin (98)
[2014.10.28-13.05.50:262][515]LogModuleManager: Shutting down and abandoning module CustomMeshComponent (97)
[2014.10.28-13.05.50:262][515]LogModuleManager: Shutting down and abandoning module CableComponent (96)
[2014.10.28-13.05.50:263][515]LogModuleManager: Shutting down and abandoning module MessagingDebugger (95)
[2014.10.28-13.05.50:264][515]LogModuleManager: Shutting down and abandoning module MediaPlayerEditor (94)
[2014.10.28-13.05.50:265][515]LogModuleManager: Shutting down and abandoning module SpeedTreeImporter (93)
[2014.10.28-13.05.50:266][515]LogModuleManager: Shutting down and abandoning module PluginsEditor (92)
[2014.10.28-13.05.50:266][515]LogModuleManager: Shutting down and abandoning module EpicSurvey (91)
[2014.10.28-13.05.50:267][515]LogModuleManager: Shutting down and abandoning module DesktopPlatform (90)
[2014.10.28-13.05.50:268][515]LogModuleManager: Shutting down and abandoning module VisualStudioSourceCodeAccess (89)
[2014.10.28-13.05.50:269][515]LogModuleManager: Shutting down and abandoning module UObjectPlugin (88)
[2014.10.28-13.05.50:269][515]LogModuleManager: Shutting down and abandoning module SubversionSourceControl (87)
[2014.10.28-13.05.50:270][515]LogModuleManager: Shutting down and abandoning module SourceControl (86)
[2014.10.28-13.05.50:271][515]LogModuleManager: Shutting down and abandoning module PerforceSourceControl (85)
[2014.10.28-13.05.50:271][515]LogModuleManager: Shutting down and abandoning module BlankPlugin (84)
[2014.10.28-13.05.50:272][515]LogModuleManager: Shutting down and abandoning module SlateReflector (83)
[2014.10.28-13.05.50:273][515]LogModuleManager: Shutting down and abandoning module DirectoryWatcher (82)
[2014.10.28-13.05.50:274][515]LogModuleManager: Shutting down and abandoning module HotReload (81)
[2014.10.28-13.05.50:275][515]LogModuleManager: Shutting down and abandoning module MainFrame (80)
[2014.10.28-13.05.50:275][515]LogModuleManager: Shutting down and abandoning module LevelEditor (79)
[2014.10.28-13.05.50:278][515]LogModuleManager: Shutting down and abandoning module ViewportSnapping (78)
[2014.10.28-13.05.50:279][515]LogModuleManager: Shutting down and abandoning module SmartSnapping (77)
[2014.10.28-13.05.50:280][515]LogModuleManager: Shutting down and abandoning module PaperTiledImporter (76)
[2014.10.28-13.05.50:280][515]LogModuleManager: Shutting down and abandoning module PaperJsonImporter (75)
[2014.10.28-13.05.50:281][515]LogModuleManager: Shutting down and abandoning module ContentBrowser (74)
[2014.10.28-13.05.50:282][515]LogModuleManager: Shutting down and abandoning module PropertyEditor (73)
[2014.10.28-13.05.50:283][515]LogModuleManager: Shutting down and abandoning module Paper2DEditor (72)
[2014.10.28-13.05.50:283][515]LogModuleManager: Shutting down and abandoning module ProjetOculusJDFZ (71)
[2014.10.28-13.05.50:284][515]LogModuleManager: Shutting down and abandoning module ScriptPlugin (70)
[2014.10.28-13.05.50:284][515]LogModuleManager: Shutting down and abandoning module UdpMessaging (69)
[2014.10.28-13.05.50:385][515]LogModuleManager: Shutting down and abandoning module Paper2D (68)
[2014.10.28-13.05.50:385][515]LogModuleManager: Shutting down and abandoning module WindowsMoviePlayer (67)
[2014.10.28-13.05.50:392][515]LogModuleManager: Shutting down and abandoning module Media (66)
[2014.10.28-13.05.50:393][515]LogModuleManager: Shutting down and abandoning module WmfMedia (65)
[2014.10.28-13.05.50:394][515]LogModuleManager: Shutting down and abandoning module OnlineBlueprintSupport (64)
[2014.10.28-13.05.50:396][515]LogModuleManager: Shutting down and abandoning module FunctionalTesting (63)
[2014.10.28-13.05.50:397][515]LogModuleManager: Shutting down and abandoning module CollisionAnalyzer (62)
[2014.10.28-13.05.50:397][515]LogModuleManager: Shutting down and abandoning module WorkspaceMenuStructure (61)
[2014.10.28-13.05.50:398][515]LogModuleManager: Shutting down and abandoning module MessageLog (60)
[2014.10.28-13.05.50:398][515]LogModuleManager: Shutting down and abandoning module Sequencer (59)
[2014.10.28-13.05.50:399][515]LogModuleManager: Shutting down and abandoning module AssetTools (58)
[2014.10.28-13.05.50:400][515]LogModuleManager: Shutting down and abandoning module UMGEditor (57)
[2014.10.28-13.05.50:400][515]LogModuleManager: Shutting down and abandoning module UMG (56)
[2014.10.28-13.05.50:401][515]LogModuleManager: Shutting down and abandoning module Slate (55)
[2014.10.28-13.05.50:402][515]LogModuleManager: Shutting down and abandoning module EditorStyle (54)
[2014.10.28-13.05.50:404][515]LogModuleManager: Shutting down and abandoning module SessionServices (53)
[2014.10.28-13.05.50:405][515]LogModuleManager: Shutting down and abandoning module SourceCodeAccess (52)
[2014.10.28-13.05.50:405][515]LogModuleManager: Shutting down and abandoning module HeadMountedDisplay (51)
[2014.10.28-13.05.50:405][515]LogModuleManager: Shutting down and abandoning module XAudio2 (50)
[2014.10.28-13.05.50:406][515]LogModuleManager: Shutting down and abandoning module Networking (48)
[2014.10.28-13.05.50:406][515]LogModuleManager: Shutting down and abandoning module Core (47)
[2014.10.28-13.05.50:406][515]LogModuleManager: Shutting down and abandoning module KismetCompiler (46)
[2014.10.28-13.05.50:406][515]LogModuleManager: Shutting down and abandoning module PhysXFormats (45)
[2014.10.28-13.05.50:407][515]LogModuleManager: Shutting down and abandoning module MeshUtilities (44)
[2014.10.28-13.05.50:407][515]LogModuleManager: Shutting down and abandoning module DerivedDataCache (43)
[2014.10.28-13.05.50:681][515]LogDerivedDataCache: Shutdown
[2014.10.28-13.05.50:682][515]LogModuleManager: Shutting down and abandoning module ShaderFormatOpenGL (42)
[2014.10.28-13.05.50:683][515]LogModuleManager: Shutting down and abandoning module ShaderFormatD3D (41)
[2014.10.28-13.05.50:684][515]LogModuleManager: Shutting down and abandoning module MetalShaderFormat (40)
[2014.10.28-13.05.50:684][515]LogModuleManager: Shutting down and abandoning module TextureFormatUncompressed (39)
[2014.10.28-13.05.50:685][515]LogModuleManager: Shutting down and abandoning module TextureFormatPVR (38)
[2014.10.28-13.05.50:686][515]LogModuleManager: Shutting down and abandoning module TextureFormatDXT (37)
[2014.10.28-13.05.50:687][515]LogModuleManager: Shutting down and abandoning module TextureFormatAndroid (36)
[2014.10.28-13.05.50:687][515]LogModuleManager: Shutting down and abandoning module AudioFormatOpus (35)
[2014.10.28-13.05.50:688][515]LogModuleManager: Shutting down and abandoning module AudioFormatOgg (34)
[2014.10.28-13.05.50:689][515]LogModuleManager: Shutting down and abandoning module AudioFormatADPCM (33)
[2014.10.28-13.05.50:689][515]LogModuleManager: Shutting down and abandoning module Messaging (32)
[2014.10.28-13.05.50:690][515]LogModuleManager: Shutting down and abandoning module IOSTargetPlatform (31)
[2014.10.28-13.05.50:691][515]LogModuleManager: Shutting down and abandoning module Android_PVRTCTargetPlatform (30)
[2014.10.28-13.05.50:692][515]LogModuleManager: Shutting down and abandoning module Android_ETC2TargetPlatform (29)
[2014.10.28-13.05.50:692][515]LogModuleManager: Shutting down and abandoning module Android_ETC1TargetPlatform (28)
[2014.10.28-13.05.50:693][515]LogModuleManager: Shutting down and abandoning module Android_DXTTargetPlatform (27)
[2014.10.28-13.05.50:694][515]LogModuleManager: Shutting down and abandoning module Android_ATCTargetPlatform (26)
[2014.10.28-13.05.50:695][515]LogModuleManager: Shutting down and abandoning module AndroidTargetPlatform (25)
[2014.10.28-13.05.50:696][515]LogModuleManager: Shutting down and abandoning module WindowsTargetPlatform (24)
[2014.10.28-13.05.50:696][515]LogModuleManager: Shutting down and abandoning module WindowsServerTargetPlatform (23)
[2014.10.28-13.05.50:697][515]LogModuleManager: Shutting down and abandoning module WindowsNoEditorTargetPlatform (22)
[2014.10.28-13.05.50:698][515]LogModuleManager: Shutting down and abandoning module WindowsClientTargetPlatform (21)
[2014.10.28-13.05.50:698][515]LogModuleManager: Shutting down and abandoning module TargetPlatform (20)
[2014.10.28-13.05.50:699][515]LogModuleManager: Shutting down and abandoning module InputCore (19)
[2014.10.28-13.05.50:700][515]LogModuleManager: Shutting down and abandoning module Settings (18)
[2014.10.28-13.05.50:700][515]LogModuleManager: Shutting down and abandoning module ImageWrapper (17)
[2014.10.28-13.05.50:701][515]LogModuleManager: Shutting down and abandoning module OculusRift (14)
[2014.10.28-13.05.50:702][515]LogModuleManager: Shutting down and abandoning module ExampleDeviceProfileSelector (13)
[2014.10.28-13.05.50:702][515]LogModuleManager: Shutting down and abandoning module TextureCompressor (12)
[2014.10.28-13.05.50:704][515]LogModuleManager: Shutting down and abandoning module ShaderCore (11)
[2014.10.28-13.05.50:704][515]LogModuleManager: Shutting down and abandoning module SlateRHIRenderer (10)
[2014.10.28-13.05.50:706][515]LogModuleManager: Shutting down and abandoning module OpenGLDrv (9)
[2014.10.28-13.05.50:707][515]LogModuleManager: Shutting down and abandoning module D3D11RHI (8)
[2014.10.28-13.05.50:707][515]LogModuleManager: Shutting down and abandoning module Renderer (7)
[2014.10.28-13.05.50:708][515]LogModuleManager: Shutting down and abandoning module Engine (6)
[2014.10.28-13.05.50:708][515]LogModuleManager: Shutting down and abandoning module CoreUObject (5)
[2014.10.28-13.05.50:709][515]LogModuleManager: Shutting down and abandoning module NetworkFile (4)
[2014.10.28-13.05.50:709][515]LogModuleManager: Shutting down and abandoning module StreamingFile (3)
[2014.10.28-13.05.50:710][515]LogModuleManager: Shutting down and abandoning module SandboxFile (2)
[2014.10.28-13.05.50:710][515]LogModuleManager: Shutting down and abandoning module PakFile (1)
[2014.10.28-13.05.50:713][515]LogExit: Exiting.
[2014.10.28-13.05.50:738][515]Log file closed, 10/28/14 14:05:50
