Log file open, 10/28/14 14:27:48
LogInit:Display: Running engine for game: ProjetOculusJDFZ
LogInit: Version: 4.5.1-2336687+++depot+UE4-Releases+4.5
LogInit: API Version: 2326478
LogInit: Compiled (64-bit): Oct 21 2014 22:32:40
LogInit: Compiled with Visual C++: 18.00.21005.01
LogInit: Build Configuration: Development
LogInit: Branch Name: ++depot+UE4-Releases+4.5
LogInit: Command line: 
LogInit: Base directory: E:/programme/Epic Games/4.5/Engine/Binaries/Win64/
LogInit: Rocket: 1
[2014.10.28-13.27.48:762][  0]LogTaskGraph: Started task graph with 3 named threads and 4 total threads.
[2014.10.28-13.27.48:815][  0]LogOnline:Warning: No default platform service specified for OnlineSubsystem
[2014.10.28-13.27.48:847][  0]LogInit: Presizing for 0 objects not considered by GC, pre-allocating 0 bytes.
[2014.10.28-13.27.48:855][  0]LogInit: Object subsystem initialized
[2014.10.28-13.27.48:857][  0]LogConsoleResponse:Warning: Skipping Unknown console variable: 'UIScaleRule = ShortestSide'
[2014.10.28-13.27.48:857][  0]LogConsoleResponse:Warning:   Found in ini file 'E:/Data/EPFL/Projet-bachelor/projet-oculus/ProjetOculusJDFZ/Saved/Config/Windows/Engine.ini', in section '[/Script/Engine.RendererSettings]'
[2014.10.28-13.27.48:858][  0]LogConsoleResponse:Warning: Skipping Unknown console variable: 'UIScaleCurve = (EditorCurveData=(Keys=((Time=480.000000,Value=0.444000),(Time=720.000000,Value=0.666000),(Time=1080.000000,Value=1.000000),(Time=8640.000000,Value=8.000000))),ExternalCurve=None)'
[2014.10.28-13.27.48:858][  0]LogConsoleResponse:Warning:   Found in ini file 'E:/Data/EPFL/Projet-bachelor/projet-oculus/ProjetOculusJDFZ/Saved/Config/Windows/Engine.ini', in section '[/Script/Engine.RendererSettings]'
[2014.10.28-13.27.48:858][  0]LogInit: Selected Device Profile: [Windows]
[2014.10.28-13.27.48:858][  0]LogInit: Applying CVar settings loaded from the selected device profile: [Windows]
[2014.10.28-13.27.48:862][  0]LogInit: Computer: WALONO-TOUR
[2014.10.28-13.27.48:863][  0]LogInit: User: Walono
[2014.10.28-13.27.48:864][  0]LogInit: CPU Page size=4096, Cores=4
[2014.10.28-13.27.48:864][  0]LogInit: High frequency timer resolution =3.904023 MHz
[2014.10.28-13.27.48:864][  0]LogMemory: Memory total: Physical=7.9GB (8GB approx) Virtual=8192.0GB
[2014.10.28-13.27.48:865][  0]LogMemory: Platform Memory Stats for Windows
[2014.10.28-13.27.48:865][  0]LogMemory: Process Physical Memory: 63.48 MB used, 63.48 MB peak
[2014.10.28-13.27.48:865][  0]LogMemory: Process Virtual Memory: 38.35 MB used, 38.35 MB peak
[2014.10.28-13.27.48:865][  0]LogMemory: Physical Memory: 3361.54 MB used, 8134.96 MB total
[2014.10.28-13.27.48:866][  0]LogMemory: Virtual Memory: 269.38 MB used, 8388608.00 MB total
[2014.10.28-13.27.48:916][  0]LogD3D11RHI: Found D3D11 adapter 0: NVIDIA GeForce GTX 780 (Feature Level 11_0)
[2014.10.28-13.27.48:916][  0]LogD3D11RHI: Adapter has 2994MB of dedicated video memory, 0MB of dedicated system memory, and 3811MB of shared system memory, 2 output[s]
[2014.10.28-13.27.48:916][  0]LogD3D11RHI: Chosen D3D11 Adapter Id = 0
[2014.10.28-13.27.48:919][  0]LogRHI: Texture pool is 1361 MB (70% of 1945 MB)
[2014.10.28-13.27.48:932][  0]LogD3D11RHI: Async texture creation enabled
[2014.10.28-13.27.49:031][  0]LogTextLocalizationManager: The requested culture ('fr_CH') has no localization data; falling back to 'en' for localization and internationalization data.
[2014.10.28-13.27.49:142][  0]LogContentStreaming: Texture pool size is 0.000000MB
[2014.10.28-13.27.52:334][  0]LogTargetPlatformManager:Display: Building Assets For Windows
[2014.10.28-13.27.52:601][  0]LogTargetPlatformManager:Display: Building Assets For Windows
[2014.10.28-13.27.52:637][  0]LogDerivedDataCache:Display: Max Cache Size: 512 MB
[2014.10.28-13.27.52:670][  0]LogDerivedDataCache: Loaded boot cache 0.03s 39MB C:/Users/Walono/AppData/Local/UnrealEngine/4.5/DerivedDataCache/Boot.ddc.
[2014.10.28-13.27.52:670][  0]LogDerivedDataCache:Display: Loaded Boot cache: C:/Users/Walono/AppData/Local/UnrealEngine/4.5/DerivedDataCache/Boot.ddc
[2014.10.28-13.27.52:671][  0]LogDerivedDataCache: FDerivedDataBackendGraph:  Pak pak cache file ../../../../../../Data/EPFL/Projet-bachelor/projet-oculus/ProjetOculusJDFZ/DerivedDataCache/DDC.ddp not found, will not use a pak cache.
[2014.10.28-13.27.52:671][  0]LogDerivedDataCache: Unable to find inner node Pak for hierarchical cache Hierarchy.
[2014.10.28-13.27.52:714][  0]LogDerivedDataCache:Display: Pak cache opened for reading ../../../Engine/DerivedDataCache/DDC.ddp.
[2014.10.28-13.27.52:726][  0]LogDerivedDataCache: Using Local data cache path C:/Users/Walono/AppData/Local/UnrealEngine/Common/DerivedDataCache: Writable
[2014.10.28-13.27.52:831][  0]LogMeshUtilities: No automatic mesh reduction module available
[2014.10.28-13.27.52:832][  0]LogMeshUtilities: No automatic mesh merging module available
[2014.10.28-13.27.52:979][  0]LogLinker:Warning: Asset '../../../Engine/Content/Functions/Engine_MaterialFunctions02/Texturing/FlipBook.uasset' has been saved with empty engine version. The asset will be loaded but may be incompatible.
[2014.10.28-13.27.52:981][  0]LogLinker:Warning: Asset '../../../Engine/Content/Functions/Engine_MaterialFunctions02/ExampleContent/Textures/flipbook.uasset' has been saved with empty engine version. The asset will be loaded but may be incompatible.
[2014.10.28-13.27.53:092][  0]LogInit: WinSock: version 1.1 (2.2), MaxSocks=32767, MaxUdp=65467
[2014.10.28-13.27.53:601][  0]UdpMessaging: Initializing bridge on interface 0.0.0.0:0 to multicast group 230.0.0.1:6666.
[2014.10.28-13.27.53:901][  0]SourceControl: Info Source control is disabled
[2014.10.28-13.27.53:901][  0]SourceControl: Info Source control is disabled
[2014.10.28-13.27.53:906][  0]SourceControl: Info Source control is disabled
[2014.10.28-13.27.53:989][  0]LogObj: 22919 objects as part of root set at end of initial load.
[2014.10.28-13.27.53:989][  0]LogUObjectAllocator: 4805384 out of 0 bytes used by permanent object pool.
[2014.10.28-13.27.54:030][  0]LogEngine: Initializing Engine...
[2014.10.28-13.27.54:113][  0]LogInit: XAudio2 using 'Speakers (3- High Definition Audio Device)' : 2 channels at 44.1 kHz using 16 bits per sample (channel mask 0x3)
[2014.10.28-13.27.54:120][  0]LogInit: FAudioDevice initialized.
[2014.10.28-13.27.54:133][  0]LogAIModule: Creating AISystem for world NewWorld
[2014.10.28-13.27.54:151][  0]LogDerivedDataCache: Saved boot cache 0.02s 39MB C:/Users/Walono/AppData/Local/UnrealEngine/4.5/DerivedDataCache/Boot.ddc.
[2014.10.28-13.27.54:153][  0]LogInit: Texture streaming: Enabled
[2014.10.28-13.27.54:182][  0]LogInit: Transaction tracking system initialized
[2014.10.28-13.27.54:260][  0]BlueprintLog: New page: Editor Load
[2014.10.28-13.27.54:287][  0]LogAssetRegistry: FAssetRegistry took 0.0097 seconds to start up
[2014.10.28-13.27.54:287][  0]LogDirectoryWatcher:Warning: Failed to begin reading directory changes for ../../../Engine/Plugins/Experimental/CharacterAI/Content/. Error: 0
[2014.10.28-13.27.54:577][  0]LogTargetPlatformManager:Display: Building Assets For Windows
[2014.10.28-13.27.54:787][  0]LogTargetPlatformManager:Display: Building Assets For Windows
[2014.10.28-13.27.54:931][  0]LogConsoleResponse:Display: 
[2014.10.28-13.27.55:052][  0]SourceControl: Info Source control is disabled
[2014.10.28-13.27.55:052][  0]Cmd: MAP LOAD FILE="../../../Engine/Content/Maps/Templates/Template_Default.umap" TEMPLATE=1 SHOWPROGRESS=1
[2014.10.28-13.27.55:052][  0]LightingResults: New page: Lighting Build
[2014.10.28-13.27.55:059][  0]MapCheck: New page: Map Check
[2014.10.28-13.27.55:059][  0]LightingResults: New page: Lighting Build
[2014.10.28-13.27.55:070][  0]LogParticles: Destroying 0 GPU particle simulations for FXSystem 0x000000001133D8A0
[2014.10.28-13.27.55:189][  0]LogEditorServer: Finished looking for orphan Actors (0.000 secs)
[2014.10.28-13.27.55:189][  0]LogAIModule: Creating AISystem for world Untitled_1
[2014.10.28-13.27.55:189][  0]Cmd: MAP CHECKDEP
[2014.10.28-13.27.55:190][  0]MapCheck: New page: Untitled_1 - Oct 28, 2014, 3:27:55 PM
[2014.10.28-13.27.55:237][  0]MapCheck: Info Map check complete: 0 Error(s), 0 Warning(s), took 47.549ms to complete.
[2014.10.28-13.27.55:238][  0]LogFileHelpers: Loading map 'Template_Default' took 0.186
[2014.10.28-13.27.55:365][  0]LogCollectionManager: Loaded 0 collections in 0.000719 seconds
[2014.10.28-13.27.55:387][  0]LogContentBrowser:Verbose: The content browser source was changed by the sources view to '/Game'
[2014.10.28-13.27.55:448][  0]LogCrashTracker: Crashtracker disabled due to settings.
[2014.10.28-13.27.55:459][  0]LogUObjectGlobals:Warning: Failed to find object 'Class None.'
[2014.10.28-13.27.55:496][  0]LogLoad: Full Startup: 8.56 seconds (BP compile: 0.03 seconds)
[2014.10.28-13.27.55:617][  0]LogRenderer:Warning: Reallocating scene render targets to support 1136x904.
[2014.10.28-13.27.55:822][  1]LogAssetRegistry: Asset discovery search completed in 1.5447 seconds
[2014.10.28-13.29.03:475][863]LogContentBrowser:Verbose: The content browser source was changed by the sources view to '/Game'
[2014.10.28-13.29.09:994][530]LogContentBrowser:Verbose: The content browser source was changed by the sources view to '/Game/Maps'
[2014.10.28-13.29.45:986][ 37]Cmd: OBJ SAVEPACKAGE PACKAGE="/Game/StartLvl" FILE="../../../../../../Data/EPFL/Projet-bachelor/projet-oculus/ProjetOculusJDFZ/Content/StartLvl.umap" SILENT=true AUTOSAVING=false KEEPDIRTY=false
[2014.10.28-13.29.46:078][ 37]LogSavePackage: Save=38.780254ms
[2014.10.28-13.29.46:079][ 37]LogSavePackage: Moving '../../../../../../Data/EPFL/Projet-bachelor/projet-oculus/ProjetOculusJDFZ/Saved/StartLvl3B0D50174E36A6DC2B959484332AEA7B.tmp' to '../../../../../../Data/EPFL/Projet-bachelor/projet-oculus/ProjetOculusJDFZ/Content/StartLvl.umap'
[2014.10.28-13.29.46:104][ 37]LogFileHelpers: Saving map 'StartLvl' took 0.796
[2014.10.28-13.35.46:193][251]Cmd: QUIT_EDITOR
[2014.10.28-13.35.46:440][251]LogExit: Preparing to exit.
[2014.10.28-13.35.46:789][251]LogExit: Editor shut down
[2014.10.28-13.35.46:789][251]LogExit: Transaction tracking system shut down
[2014.10.28-13.35.46:790][251]LogParticles: Destroying 0 GPU particle simulations for FXSystem 0x000000000B2A3060
[2014.10.28-13.35.46:809][251]LogExit: Object subsystem successfully closed.
[2014.10.28-13.35.46:843][251]LogModuleManager: Shutting down and abandoning module ExternalImagePicker (168)
[2014.10.28-13.35.46:843][251]LogModuleManager: Shutting down and abandoning module AndroidDeviceDetection (167)
[2014.10.28-13.35.46:843][251]LogModuleManager: Shutting down and abandoning module CrashTracker (166)
[2014.10.28-13.35.46:843][251]LogModuleManager: Shutting down and abandoning module SuperSearch (165)
[2014.10.28-13.35.46:843][251]LogModuleManager: Shutting down and abandoning module SceneOutliner (164)
[2014.10.28-13.35.46:843][251]LogModuleManager: Shutting down and abandoning module EditorWidgets (163)
[2014.10.28-13.35.46:844][251]LogModuleManager: Shutting down and abandoning module CollectionManager (162)
[2014.10.28-13.35.46:844][251]LogModuleManager: Shutting down and abandoning module StatsViewer (161)
[2014.10.28-13.35.46:844][251]LogModuleManager: Shutting down and abandoning module FoliageEdit (160)
[2014.10.28-13.35.46:844][251]LogModuleManager: Shutting down and abandoning module LandscapeEditor (159)
[2014.10.28-13.35.46:844][251]LogModuleManager: Shutting down and abandoning module MeshPaint (158)
[2014.10.28-13.35.46:845][251]LogModuleManager: Shutting down and abandoning module ActorPickerMode (157)
[2014.10.28-13.35.46:845][251]LogModuleManager: Shutting down and abandoning module GeometryMode (156)
[2014.10.28-13.35.46:845][251]LogModuleManager: Shutting down and abandoning module TextureAlignMode (155)
[2014.10.28-13.35.46:845][251]LogModuleManager: Shutting down and abandoning module BspMode (154)
[2014.10.28-13.35.46:845][251]LogModuleManager: Shutting down and abandoning module PlacementMode (153)
[2014.10.28-13.35.46:845][251]LogModuleManager: Shutting down and abandoning module AutomationWorker (152)
[2014.10.28-13.35.46:845][251]LogModuleManager: Shutting down and abandoning module CharacterAI (151)
[2014.10.28-13.35.46:846][251]LogModuleManager: Shutting down and abandoning module GameProjectGeneration (150)
[2014.10.28-13.35.46:846][251]LogModuleManager: Shutting down and abandoning module IntroTutorials (149)
[2014.10.28-13.35.46:846][251]LogModuleManager: Shutting down and abandoning module EditorLiveStreaming (148)
[2014.10.28-13.35.46:846][251]LogModuleManager: Shutting down and abandoning module HardwareTargeting (147)
[2014.10.28-13.35.46:846][251]LogModuleManager: Shutting down and abandoning module BehaviorTreeEditor (146)
[2014.10.28-13.35.46:847][251]LogModuleManager: Shutting down and abandoning module DeviceProfileEditor (145)
[2014.10.28-13.35.46:847][251]LogModuleManager: Shutting down and abandoning module UndoHistory (144)
[2014.10.28-13.35.46:847][251]LogModuleManager: Shutting down and abandoning module GameplayTagsEditor (143)
[2014.10.28-13.35.46:847][251]LogModuleManager: Shutting down and abandoning module UserFeedback (142)
[2014.10.28-13.35.46:847][251]LogModuleManager: Shutting down and abandoning module XmlParser (141)
[2014.10.28-13.35.46:847][251]LogModuleManager: Shutting down and abandoning module Blutility (140)
[2014.10.28-13.35.46:848][251]LogModuleManager: Shutting down and abandoning module IOSPlatformEditor (139)
[2014.10.28-13.35.46:848][251]LogModuleManager: Shutting down and abandoning module IOSRuntimeSettings (138)
[2014.10.28-13.35.46:848][251]LogModuleManager: Shutting down and abandoning module AndroidPlatformEditor (137)
[2014.10.28-13.35.46:848][251]LogModuleManager: Shutting down and abandoning module AndroidRuntimeSettings (136)
[2014.10.28-13.35.46:848][251]LogModuleManager: Shutting down and abandoning module ProjectTargetPlatformEditor (135)
[2014.10.28-13.35.46:848][251]LogModuleManager: Shutting down and abandoning module ProjectSettingsViewer (134)
[2014.10.28-13.35.46:849][251]LogModuleManager: Shutting down and abandoning module InputBindingEditor (133)
[2014.10.28-13.35.46:849][251]LogModuleManager: Shutting down and abandoning module EditorSettingsViewer (132)
[2014.10.28-13.35.46:849][251]LogModuleManager: Shutting down and abandoning module SettingsEditor (131)
[2014.10.28-13.35.46:849][251]LogModuleManager: Shutting down and abandoning module ProjectLauncher (130)
[2014.10.28-13.35.46:850][251]LogModuleManager: Shutting down and abandoning module SessionFrontend (129)
[2014.10.28-13.35.46:850][251]LogModuleManager: Shutting down and abandoning module ProfilerClient (128)
[2014.10.28-13.35.46:850][251]LogModuleManager: Shutting down and abandoning module TargetDeviceServices (127)
[2014.10.28-13.35.46:850][251]LogModuleManager: Shutting down and abandoning module DeviceManager (126)
[2014.10.28-13.35.46:850][251]LogModuleManager: Shutting down and abandoning module AutomationController (125)
[2014.10.28-13.35.46:851][251]LogModuleManager: Shutting down and abandoning module AutomationWindow (124)
[2014.10.28-13.35.46:851][251]LogModuleManager: Shutting down and abandoning module Layers (123)
[2014.10.28-13.35.46:851][251]LogModuleManager: Shutting down and abandoning module ComponentVisualizers (122)
[2014.10.28-13.35.46:851][251]LogModuleManager: Shutting down and abandoning module DetailCustomizations (121)
[2014.10.28-13.35.46:851][251]LogModuleManager: Shutting down and abandoning module PackagesDialog (120)
[2014.10.28-13.35.46:852][251]LogModuleManager: Shutting down and abandoning module AssetRegistry (119)
[2014.10.28-13.35.46:957][251]LogModuleManager: Shutting down and abandoning module Persona (118)
[2014.10.28-13.35.46:958][251]LogModuleManager: Shutting down and abandoning module Kismet (117)
[2014.10.28-13.35.46:958][251]LogModuleManager: Shutting down and abandoning module GraphEditor (116)
[2014.10.28-13.35.46:958][251]LogModuleManager: Shutting down and abandoning module ClassViewer (115)
[2014.10.28-13.35.46:958][251]LogModuleManager: Shutting down and abandoning module Toolbox (114)
[2014.10.28-13.35.46:958][251]LogModuleManager: Shutting down and abandoning module ModuleUI (113)
[2014.10.28-13.35.46:959][251]LogModuleManager: Shutting down and abandoning module MovieSceneTools (112)
[2014.10.28-13.35.46:959][251]LogModuleManager: Shutting down and abandoning module OutputLog (111)
[2014.10.28-13.35.46:959][251]LogModuleManager: Shutting down and abandoning module GammaUI (110)
[2014.10.28-13.35.46:959][251]LogModuleManager: Shutting down and abandoning module Documentation (109)
[2014.10.28-13.35.46:959][251]LogModuleManager: Shutting down and abandoning module GameLiveStreaming (108)
[2014.10.28-13.35.46:959][251]LogModuleManager: Shutting down and abandoning module StreamingPauseRendering (107)
[2014.10.28-13.35.46:960][251]LogModuleManager: Shutting down and abandoning module HTTP (106)
[2014.10.28-13.35.46:960][251]LogModuleManager: Shutting down and abandoning module AnalyticsET (105)
[2014.10.28-13.35.46:960][251]LogModuleManager: Shutting down and abandoning module Analytics (104)
[2014.10.28-13.35.46:960][251]LogModuleManager: Shutting down and abandoning module GameplayDebugger (103)
[2014.10.28-13.35.46:960][251]LogModuleManager: Shutting down and abandoning module AIModule (102)
[2014.10.28-13.35.46:960][251]LogModuleManager: Shutting down and abandoning module ProfilerService (101)
[2014.10.28-13.35.47:066][251]LogModuleManager: Shutting down and abandoning module TaskGraph (100)
[2014.10.28-13.35.47:067][251]LogModuleManager: Shutting down and abandoning module SlateRemote (99)
[2014.10.28-13.35.47:068][251]LogModuleManager: Shutting down and abandoning module ScriptEditorPlugin (98)
[2014.10.28-13.35.47:068][251]LogModuleManager: Shutting down and abandoning module CustomMeshComponent (97)
[2014.10.28-13.35.47:069][251]LogModuleManager: Shutting down and abandoning module CableComponent (96)
[2014.10.28-13.35.47:070][251]LogModuleManager: Shutting down and abandoning module MessagingDebugger (95)
[2014.10.28-13.35.47:071][251]LogModuleManager: Shutting down and abandoning module MediaPlayerEditor (94)
[2014.10.28-13.35.47:071][251]LogModuleManager: Shutting down and abandoning module SpeedTreeImporter (93)
[2014.10.28-13.35.47:072][251]LogModuleManager: Shutting down and abandoning module PluginsEditor (92)
[2014.10.28-13.35.47:073][251]LogModuleManager: Shutting down and abandoning module EpicSurvey (91)
[2014.10.28-13.35.47:073][251]LogModuleManager: Shutting down and abandoning module DesktopPlatform (90)
[2014.10.28-13.35.47:074][251]LogModuleManager: Shutting down and abandoning module VisualStudioSourceCodeAccess (89)
[2014.10.28-13.35.47:074][251]LogModuleManager: Shutting down and abandoning module UObjectPlugin (88)
[2014.10.28-13.35.47:075][251]LogModuleManager: Shutting down and abandoning module SubversionSourceControl (87)
[2014.10.28-13.35.47:075][251]LogModuleManager: Shutting down and abandoning module SourceControl (86)
[2014.10.28-13.35.47:076][251]LogModuleManager: Shutting down and abandoning module PerforceSourceControl (85)
[2014.10.28-13.35.47:077][251]LogModuleManager: Shutting down and abandoning module BlankPlugin (84)
[2014.10.28-13.35.47:077][251]LogModuleManager: Shutting down and abandoning module SlateReflector (83)
[2014.10.28-13.35.47:078][251]LogModuleManager: Shutting down and abandoning module DirectoryWatcher (82)
[2014.10.28-13.35.47:079][251]LogModuleManager: Shutting down and abandoning module HotReload (81)
[2014.10.28-13.35.47:079][251]LogModuleManager: Shutting down and abandoning module MainFrame (80)
[2014.10.28-13.35.47:080][251]LogModuleManager: Shutting down and abandoning module LevelEditor (79)
[2014.10.28-13.35.47:082][251]LogModuleManager: Shutting down and abandoning module ViewportSnapping (78)
[2014.10.28-13.35.47:083][251]LogModuleManager: Shutting down and abandoning module SmartSnapping (77)
[2014.10.28-13.35.47:083][251]LogModuleManager: Shutting down and abandoning module PaperTiledImporter (76)
[2014.10.28-13.35.47:084][251]LogModuleManager: Shutting down and abandoning module PaperJsonImporter (75)
[2014.10.28-13.35.47:085][251]LogModuleManager: Shutting down and abandoning module ContentBrowser (74)
[2014.10.28-13.35.47:085][251]LogModuleManager: Shutting down and abandoning module PropertyEditor (73)
[2014.10.28-13.35.47:086][251]LogModuleManager: Shutting down and abandoning module Paper2DEditor (72)
[2014.10.28-13.35.47:087][251]LogModuleManager: Shutting down and abandoning module ProjetOculusJDFZ (71)
[2014.10.28-13.35.47:087][251]LogModuleManager: Shutting down and abandoning module ScriptPlugin (70)
[2014.10.28-13.35.47:088][251]LogModuleManager: Shutting down and abandoning module UdpMessaging (69)
[2014.10.28-13.35.47:189][251]LogModuleManager: Shutting down and abandoning module Paper2D (68)
[2014.10.28-13.35.47:190][251]LogModuleManager: Shutting down and abandoning module WindowsMoviePlayer (67)
[2014.10.28-13.35.47:197][251]LogModuleManager: Shutting down and abandoning module Media (66)
[2014.10.28-13.35.47:198][251]LogModuleManager: Shutting down and abandoning module WmfMedia (65)
[2014.10.28-13.35.47:200][251]LogModuleManager: Shutting down and abandoning module OnlineBlueprintSupport (64)
[2014.10.28-13.35.47:201][251]LogModuleManager: Shutting down and abandoning module FunctionalTesting (63)
[2014.10.28-13.35.47:203][251]LogModuleManager: Shutting down and abandoning module CollisionAnalyzer (62)
[2014.10.28-13.35.47:203][251]LogModuleManager: Shutting down and abandoning module WorkspaceMenuStructure (61)
[2014.10.28-13.35.47:204][251]LogModuleManager: Shutting down and abandoning module MessageLog (60)
[2014.10.28-13.35.47:205][251]LogModuleManager: Shutting down and abandoning module Sequencer (59)
[2014.10.28-13.35.47:206][251]LogModuleManager: Shutting down and abandoning module AssetTools (58)
[2014.10.28-13.35.47:206][251]LogModuleManager: Shutting down and abandoning module UMGEditor (57)
[2014.10.28-13.35.47:207][251]LogModuleManager: Shutting down and abandoning module UMG (56)
[2014.10.28-13.35.47:208][251]LogModuleManager: Shutting down and abandoning module Slate (55)
[2014.10.28-13.35.47:209][251]LogModuleManager: Shutting down and abandoning module EditorStyle (54)
[2014.10.28-13.35.47:213][251]LogModuleManager: Shutting down and abandoning module SessionServices (53)
[2014.10.28-13.35.47:214][251]LogModuleManager: Shutting down and abandoning module SourceCodeAccess (52)
[2014.10.28-13.35.47:215][251]LogModuleManager: Shutting down and abandoning module HeadMountedDisplay (51)
[2014.10.28-13.35.47:216][251]LogModuleManager: Shutting down and abandoning module XAudio2 (50)
[2014.10.28-13.35.47:216][251]LogModuleManager: Shutting down and abandoning module Networking (48)
[2014.10.28-13.35.47:217][251]LogModuleManager: Shutting down and abandoning module Core (47)
[2014.10.28-13.35.47:218][251]LogModuleManager: Shutting down and abandoning module KismetCompiler (46)
[2014.10.28-13.35.47:218][251]LogModuleManager: Shutting down and abandoning module PhysXFormats (45)
[2014.10.28-13.35.47:219][251]LogModuleManager: Shutting down and abandoning module MeshUtilities (44)
[2014.10.28-13.35.47:220][251]LogModuleManager: Shutting down and abandoning module DerivedDataCache (43)
[2014.10.28-13.35.47:307][251]LogDerivedDataCache: Shutdown
[2014.10.28-13.35.47:308][251]LogModuleManager: Shutting down and abandoning module ShaderFormatOpenGL (42)
[2014.10.28-13.35.47:309][251]LogModuleManager: Shutting down and abandoning module ShaderFormatD3D (41)
[2014.10.28-13.35.47:309][251]LogModuleManager: Shutting down and abandoning module MetalShaderFormat (40)
[2014.10.28-13.35.47:309][251]LogModuleManager: Shutting down and abandoning module TextureFormatUncompressed (39)
[2014.10.28-13.35.47:310][251]LogModuleManager: Shutting down and abandoning module TextureFormatPVR (38)
[2014.10.28-13.35.47:310][251]LogModuleManager: Shutting down and abandoning module TextureFormatDXT (37)
[2014.10.28-13.35.47:311][251]LogModuleManager: Shutting down and abandoning module TextureFormatAndroid (36)
[2014.10.28-13.35.47:311][251]LogModuleManager: Shutting down and abandoning module AudioFormatOpus (35)
[2014.10.28-13.35.47:312][251]LogModuleManager: Shutting down and abandoning module AudioFormatOgg (34)
[2014.10.28-13.35.47:312][251]LogModuleManager: Shutting down and abandoning module AudioFormatADPCM (33)
[2014.10.28-13.35.47:312][251]LogModuleManager: Shutting down and abandoning module Messaging (32)
[2014.10.28-13.35.47:313][251]LogModuleManager: Shutting down and abandoning module IOSTargetPlatform (31)
[2014.10.28-13.35.47:313][251]LogModuleManager: Shutting down and abandoning module Android_PVRTCTargetPlatform (30)
[2014.10.28-13.35.47:313][251]LogModuleManager: Shutting down and abandoning module Android_ETC2TargetPlatform (29)
[2014.10.28-13.35.47:314][251]LogModuleManager: Shutting down and abandoning module Android_ETC1TargetPlatform (28)
[2014.10.28-13.35.47:314][251]LogModuleManager: Shutting down and abandoning module Android_DXTTargetPlatform (27)
[2014.10.28-13.35.47:314][251]LogModuleManager: Shutting down and abandoning module Android_ATCTargetPlatform (26)
[2014.10.28-13.35.47:315][251]LogModuleManager: Shutting down and abandoning module AndroidTargetPlatform (25)
[2014.10.28-13.35.47:315][251]LogModuleManager: Shutting down and abandoning module WindowsTargetPlatform (24)
[2014.10.28-13.35.47:315][251]LogModuleManager: Shutting down and abandoning module WindowsServerTargetPlatform (23)
[2014.10.28-13.35.47:316][251]LogModuleManager: Shutting down and abandoning module WindowsNoEditorTargetPlatform (22)
[2014.10.28-13.35.47:316][251]LogModuleManager: Shutting down and abandoning module WindowsClientTargetPlatform (21)
[2014.10.28-13.35.47:316][251]LogModuleManager: Shutting down and abandoning module TargetPlatform (20)
[2014.10.28-13.35.47:317][251]LogModuleManager: Shutting down and abandoning module InputCore (19)
[2014.10.28-13.35.47:317][251]LogModuleManager: Shutting down and abandoning module Settings (18)
[2014.10.28-13.35.47:318][251]LogModuleManager: Shutting down and abandoning module ImageWrapper (17)
[2014.10.28-13.35.47:318][251]LogModuleManager: Shutting down and abandoning module OculusRift (14)
[2014.10.28-13.35.47:318][251]LogModuleManager: Shutting down and abandoning module ExampleDeviceProfileSelector (13)
[2014.10.28-13.35.47:319][251]LogModuleManager: Shutting down and abandoning module TextureCompressor (12)
[2014.10.28-13.35.47:320][251]LogModuleManager: Shutting down and abandoning module ShaderCore (11)
[2014.10.28-13.35.47:320][251]LogModuleManager: Shutting down and abandoning module SlateRHIRenderer (10)
[2014.10.28-13.35.47:321][251]LogModuleManager: Shutting down and abandoning module OpenGLDrv (9)
[2014.10.28-13.35.47:322][251]LogModuleManager: Shutting down and abandoning module D3D11RHI (8)
[2014.10.28-13.35.47:322][251]LogModuleManager: Shutting down and abandoning module Renderer (7)
[2014.10.28-13.35.47:323][251]LogModuleManager: Shutting down and abandoning module Engine (6)
[2014.10.28-13.35.47:323][251]LogModuleManager: Shutting down and abandoning module CoreUObject (5)
[2014.10.28-13.35.47:323][251]LogModuleManager: Shutting down and abandoning module NetworkFile (4)
[2014.10.28-13.35.47:324][251]LogModuleManager: Shutting down and abandoning module StreamingFile (3)
[2014.10.28-13.35.47:324][251]LogModuleManager: Shutting down and abandoning module SandboxFile (2)
[2014.10.28-13.35.47:325][251]LogModuleManager: Shutting down and abandoning module PakFile (1)
[2014.10.28-13.35.47:327][251]LogExit: Exiting.
[2014.10.28-13.35.47:346][251]Log file closed, 10/28/14 14:35:47
