Log file open, 10/28/14 15:08:24
LogInit:Display: Running engine for game: ProjetOculusJDFZ
LogInit: Version: 4.5.1-2336687+++depot+UE4-Releases+4.5
LogInit: API Version: 2326478
LogInit: Compiled (64-bit): Oct 21 2014 22:32:40
LogInit: Compiled with Visual C++: 18.00.21005.01
LogInit: Build Configuration: Development
LogInit: Branch Name: ++depot+UE4-Releases+4.5
LogInit: Command line: 
LogInit: Base directory: E:/programme/Epic Games/4.5/Engine/Binaries/Win64/
LogInit: Rocket: 1
[2014.10.28-14.08.24:255][  0]LogTaskGraph: Started task graph with 3 named threads and 4 total threads.
[2014.10.28-14.08.24:295][  0]LogOnline:Warning: No default platform service specified for OnlineSubsystem
[2014.10.28-14.08.24:324][  0]LogInit: Presizing for 0 objects not considered by GC, pre-allocating 0 bytes.
[2014.10.28-14.08.24:334][  0]LogInit: Object subsystem initialized
[2014.10.28-14.08.24:336][  0]LogConsoleResponse:Warning: Skipping Unknown console variable: 'UIScaleRule = ShortestSide'
[2014.10.28-14.08.24:336][  0]LogConsoleResponse:Warning:   Found in ini file 'E:/Data/EPFL/Projet-bachelor/projet-oculus/ProjetOculusJDFZ/Saved/Config/Windows/Engine.ini', in section '[/Script/Engine.RendererSettings]'
[2014.10.28-14.08.24:336][  0]LogConsoleResponse:Warning: Skipping Unknown console variable: 'UIScaleCurve = (EditorCurveData=(Keys=((Time=480.000000,Value=0.444000),(Time=720.000000,Value=0.666000),(Time=1080.000000,Value=1.000000),(Time=8640.000000,Value=8.000000))),ExternalCurve=None)'
[2014.10.28-14.08.24:337][  0]LogConsoleResponse:Warning:   Found in ini file 'E:/Data/EPFL/Projet-bachelor/projet-oculus/ProjetOculusJDFZ/Saved/Config/Windows/Engine.ini', in section '[/Script/Engine.RendererSettings]'
[2014.10.28-14.08.24:337][  0]LogInit: Selected Device Profile: [Windows]
[2014.10.28-14.08.24:337][  0]LogInit: Applying CVar settings loaded from the selected device profile: [Windows]
[2014.10.28-14.08.24:340][  0]LogInit: Computer: WALONO-TOUR
[2014.10.28-14.08.24:341][  0]LogInit: User: Walono
[2014.10.28-14.08.24:341][  0]LogInit: CPU Page size=4096, Cores=4
[2014.10.28-14.08.24:342][  0]LogInit: High frequency timer resolution =3.904023 MHz
[2014.10.28-14.08.24:342][  0]LogMemory: Memory total: Physical=7.9GB (8GB approx) Virtual=8192.0GB
[2014.10.28-14.08.24:342][  0]LogMemory: Platform Memory Stats for Windows
[2014.10.28-14.08.24:342][  0]LogMemory: Process Physical Memory: 63.43 MB used, 63.43 MB peak
[2014.10.28-14.08.24:342][  0]LogMemory: Process Virtual Memory: 38.34 MB used, 38.34 MB peak
[2014.10.28-14.08.24:343][  0]LogMemory: Physical Memory: 3463.42 MB used, 8134.96 MB total
[2014.10.28-14.08.24:343][  0]LogMemory: Virtual Memory: 269.38 MB used, 8388608.00 MB total
[2014.10.28-14.08.24:395][  0]LogD3D11RHI: Found D3D11 adapter 0: NVIDIA GeForce GTX 780 (Feature Level 11_0)
[2014.10.28-14.08.24:395][  0]LogD3D11RHI: Adapter has 2994MB of dedicated video memory, 0MB of dedicated system memory, and 3811MB of shared system memory, 2 output[s]
[2014.10.28-14.08.24:395][  0]LogD3D11RHI: Chosen D3D11 Adapter Id = 0
[2014.10.28-14.08.24:399][  0]LogRHI: Texture pool is 1361 MB (70% of 1945 MB)
[2014.10.28-14.08.24:412][  0]LogD3D11RHI: Async texture creation enabled
[2014.10.28-14.08.24:512][  0]LogTextLocalizationManager: The requested culture ('fr_CH') has no localization data; falling back to 'en' for localization and internationalization data.
[2014.10.28-14.08.24:625][  0]LogContentStreaming: Texture pool size is 0.000000MB
[2014.10.28-14.08.27:819][  0]LogTargetPlatformManager:Display: Building Assets For Windows
[2014.10.28-14.08.28:100][  0]LogTargetPlatformManager:Display: Building Assets For Windows
[2014.10.28-14.08.28:137][  0]LogDerivedDataCache:Display: Max Cache Size: 512 MB
[2014.10.28-14.08.28:167][  0]LogDerivedDataCache: Loaded boot cache 0.03s 39MB C:/Users/Walono/AppData/Local/UnrealEngine/4.5/DerivedDataCache/Boot.ddc.
[2014.10.28-14.08.28:168][  0]LogDerivedDataCache:Display: Loaded Boot cache: C:/Users/Walono/AppData/Local/UnrealEngine/4.5/DerivedDataCache/Boot.ddc
[2014.10.28-14.08.28:168][  0]LogDerivedDataCache: FDerivedDataBackendGraph:  Pak pak cache file ../../../../../../Data/EPFL/Projet-bachelor/projet-oculus/ProjetOculusJDFZ/DerivedDataCache/DDC.ddp not found, will not use a pak cache.
[2014.10.28-14.08.28:168][  0]LogDerivedDataCache: Unable to find inner node Pak for hierarchical cache Hierarchy.
[2014.10.28-14.08.28:212][  0]LogDerivedDataCache:Display: Pak cache opened for reading ../../../Engine/DerivedDataCache/DDC.ddp.
[2014.10.28-14.08.28:224][  0]LogDerivedDataCache: Using Local data cache path C:/Users/Walono/AppData/Local/UnrealEngine/Common/DerivedDataCache: Writable
[2014.10.28-14.08.28:336][  0]LogMeshUtilities: No automatic mesh reduction module available
[2014.10.28-14.08.28:336][  0]LogMeshUtilities: No automatic mesh merging module available
[2014.10.28-14.08.28:480][  0]LogLinker:Warning: Asset '../../../Engine/Content/Functions/Engine_MaterialFunctions02/Texturing/FlipBook.uasset' has been saved with empty engine version. The asset will be loaded but may be incompatible.
[2014.10.28-14.08.28:482][  0]LogLinker:Warning: Asset '../../../Engine/Content/Functions/Engine_MaterialFunctions02/ExampleContent/Textures/flipbook.uasset' has been saved with empty engine version. The asset will be loaded but may be incompatible.
[2014.10.28-14.08.28:593][  0]LogInit: WinSock: version 1.1 (2.2), MaxSocks=32767, MaxUdp=65467
[2014.10.28-14.08.29:122][  0]UdpMessaging: Initializing bridge on interface 0.0.0.0:0 to multicast group 230.0.0.1:6666.
[2014.10.28-14.08.29:346][  0]SourceControl: Info Source control is disabled
[2014.10.28-14.08.29:346][  0]SourceControl: Info Source control is disabled
[2014.10.28-14.08.29:351][  0]SourceControl: Info Source control is disabled
[2014.10.28-14.08.29:439][  0]LogObj: 22931 objects as part of root set at end of initial load.
[2014.10.28-14.08.29:439][  0]LogUObjectAllocator: 4814136 out of 0 bytes used by permanent object pool.
[2014.10.28-14.08.29:487][  0]LogEngine: Initializing Engine...
[2014.10.28-14.08.29:573][  0]LogInit: XAudio2 using 'Speakers (3- High Definition Audio Device)' : 2 channels at 44.1 kHz using 16 bits per sample (channel mask 0x3)
[2014.10.28-14.08.29:580][  0]LogInit: FAudioDevice initialized.
[2014.10.28-14.08.29:594][  0]LogAIModule: Creating AISystem for world NewWorld
[2014.10.28-14.08.29:612][  0]LogDerivedDataCache: Saved boot cache 0.02s 39MB C:/Users/Walono/AppData/Local/UnrealEngine/4.5/DerivedDataCache/Boot.ddc.
[2014.10.28-14.08.29:614][  0]LogInit: Texture streaming: Enabled
[2014.10.28-14.08.29:646][  0]LogInit: Transaction tracking system initialized
[2014.10.28-14.08.29:729][  0]BlueprintLog: New page: Editor Load
[2014.10.28-14.08.29:756][  0]LogAssetRegistry: FAssetRegistry took 0.0099 seconds to start up
[2014.10.28-14.08.29:756][  0]LogDirectoryWatcher:Warning: Failed to begin reading directory changes for ../../../Engine/Plugins/Experimental/CharacterAI/Content/. Error: 0
[2014.10.28-14.08.30:044][  0]LogTargetPlatformManager:Display: Building Assets For Windows
[2014.10.28-14.08.30:244][  0]LogTargetPlatformManager:Display: Building Assets For Windows
[2014.10.28-14.08.30:392][  0]LogConsoleResponse:Display: 
[2014.10.28-14.08.30:512][  0]SourceControl: Info Source control is disabled
[2014.10.28-14.08.30:512][  0]Cmd: MAP LOAD FILE="../../../../../../Data/EPFL/Projet-bachelor/projet-oculus/ProjetOculusJDFZ/Content/StartLvl.umap" TEMPLATE=0 SHOWPROGRESS=1
[2014.10.28-14.08.30:513][  0]LightingResults: New page: Lighting Build
[2014.10.28-14.08.30:520][  0]MapCheck: New page: Map Check
[2014.10.28-14.08.30:520][  0]LightingResults: New page: Lighting Build
[2014.10.28-14.08.30:530][  0]LogParticles: Destroying 0 GPU particle simulations for FXSystem 0x00000000114ECFE0
[2014.10.28-14.08.30:643][  0]LogEditorServer: Finished looking for orphan Actors (0.000 secs)
[2014.10.28-14.08.30:643][  0]LogAIModule: Creating AISystem for world StartLvl
[2014.10.28-14.08.30:644][  0]Cmd: MAP CHECKDEP
[2014.10.28-14.08.30:644][  0]MapCheck: New page: StartLvl - Oct 28, 2014, 4:08:30 PM
[2014.10.28-14.08.30:694][  0]MapCheck: Info Map check complete: 0 Error(s), 0 Warning(s), took 49.661ms to complete.
[2014.10.28-14.08.30:694][  0]LogFileHelpers: Loading map 'StartLvl' took 0.182
[2014.10.28-14.08.30:801][  0]LogCollectionManager: Loaded 0 collections in 0.001184 seconds
[2014.10.28-14.08.30:817][  0]LogContentBrowser:Verbose: The content browser source was changed by the sources view to '/Game'
[2014.10.28-14.08.30:884][  0]LogCrashTracker: Crashtracker disabled due to settings.
[2014.10.28-14.08.30:896][  0]LogUObjectGlobals:Warning: Failed to find object 'Class None.'
[2014.10.28-14.08.30:932][  0]LogLoad: Full Startup: 8.46 seconds (BP compile: 0.04 seconds)
[2014.10.28-14.08.31:054][  0]LogRenderer:Warning: Reallocating scene render targets to support 1136x904.
[2014.10.28-14.08.31:232][  1]LogAssetRegistry: Asset discovery search completed in 1.4865 seconds
[2014.10.28-14.08.35:068][412]LogPlayLevel: PIE:  No blueprints needed recompiling
[2014.10.28-14.08.35:069][412]PIE: New page: PIE session: StartLvl (Oct 28, 2014, 4:08:35 PM)
[2014.10.28-14.08.35:071][412]LogPlayLevel: PIE: StaticDuplicateObject took: (0.001510s)
[2014.10.28-14.08.35:072][412]LogPlayLevel: PIE: World Init took: (0.000833s)
[2014.10.28-14.08.35:072][412]LogPlayLevel: PIE: Created PIE world by copying editor world from /Game/StartLvl.StartLvl to /Game/UEDPIE_0_StartLvl.StartLvl (0.003293s)
[2014.10.28-14.08.35:114][412]LogWorld: Game class is 'ProjetOculusJDFZGameMode'
[2014.10.28-14.08.35:115][412]LogAIModule: Creating AISystem for world StartLvl
[2014.10.28-14.08.35:116][412]LogWorld: Bringing World /Game/UEDPIE_0_StartLvl.StartLvl up for play (max tick rate 0) at 2014.10.28-15.08.35
[2014.10.28-14.08.35:116][412]LogWorld: Bringing up level for play took: 0.000617
[2014.10.28-14.08.35:118][412]PIE: Info Play in editor start time for /Game/UEDPIE_0_StartLvl 0.858
[2014.10.28-14.08.58:688][211]LogParticles: Destroying 0 GPU particle simulations for FXSystem 0x0000000016687380
[2014.10.28-14.09.29:662][914]LogEditorViewport: Clicking on Actor (LMB): StaticMeshActor (SM_Template_Map_Floor)
[2014.10.28-14.09.31:141][ 75]Cmd: EDIT COPY
[2014.10.28-14.09.31:461][108]Cmd: EDIT PASTE
[2014.10.28-14.09.43:509][ 52]LogEditorViewport: Clicking on Actor (LMB): BP_Sky_Sphere_C (BP_Sky_Shere)
[2014.10.28-14.09.44:967][209]Cmd: EDIT PASTE
[2014.10.28-14.09.58:396][100]LogEditorViewport: Clicking on Actor (LMB): BP_Sky_Sphere_C (BP_Sky_Shere)
[2014.10.28-14.09.58:868][152]Cmd: EDIT PASTE
[2014.10.28-14.10.09:058][976]LogEditorViewport: Clicking on Actor (LMB): BP_Sky_Sphere_C (BP_Sky_Shere)
[2014.10.28-14.10.10:433][134]Cmd: EDIT PASTE
[2014.10.28-14.10.19:294][712]LogEditorViewport: Clicking on Actor (LMB): BP_Sky_Sphere_C (BP_Sky_Shere)
[2014.10.28-14.10.19:921][782]Cmd: EDIT PASTE
[2014.10.28-14.10.30:488][460]LogEditorViewport: Clicking on Actor (LMB): BP_Sky_Sphere_C (BP_Sky_Shere)
[2014.10.28-14.10.30:795][493]Cmd: EDIT PASTE
[2014.10.28-14.10.38:160][ 13]LogEditorViewport: Clicking on Actor (LMB): BP_Sky_Sphere_C (BP_Sky_Shere)
[2014.10.28-14.10.39:821][140]Cmd: EDIT PASTE
[2014.10.28-14.10.50:096][796]LogEditorViewport: Clicking on Actor (LMB): BP_Sky_Sphere_C (BP_Sky_Shere)
[2014.10.28-14.10.50:626][856]Cmd: EDIT PASTE
[2014.10.28-14.11.07:182][ 40]MapCheck: New page: Map Check
[2014.10.28-14.11.07:232][ 40]LogWindowsTextInputMethodSystem:Error: Deactivating a context failed while setting focus to the disabled TSF document manager.
[2014.10.28-14.11.07:263][ 40]LightingResults: New page: Lighting Build - Oct 28, 2014, 4:11:07 PM
[2014.10.28-14.11.12:184][ 40]LogStaticLightingSystem:Warning: No importance volume found, so the scene bounding box was used.  You can optimize your scene's quality and lighting build times by adding importance volumes.
[2014.10.28-14.11.12:193][ 40]LogStaticLightingSystem: Running Lightmass w/ ImmediateImport mode ENABLED
[2014.10.28-14.11.12:194][ 40]LogStaticLightingSystem: Running Lightmass w/ ImmediateProcess mode ENABLED
[2014.10.28-14.11.12:194][ 40]LogStaticLightingSystem: Running Lightmass w/ Sorting mode ENABLED
[2014.10.28-14.11.12:194][ 40]LogStaticLightingSystem: Running Lightmass w/ Mapping paddings ENABLED
[2014.10.28-14.11.12:194][ 40]LogStaticLightingSystem: Running Lightmass w/ Mapping debug paddings DISABLED
[2014.10.28-14.11.12:261][ 40]LogEditorBuildUtils: Build time 0:00:05
[2014.10.28-14.11.13:332][ 70]Job is a success!
[2014.10.28-14.11.13:437][ 71]LogTexture:Display: Building textures: HQ_Lightmap1_1 (AutoDXT)
[2014.10.28-14.11.13:467][ 71]LogTexture:Display: Building textures: LQ_Lightmap_0_3 (DXT1)
[2014.10.28-14.11.13:472][ 71]LogTexture:Display: Building textures: HQ_Lightmap0_3 (AutoDXT)
[2014.10.28-14.11.13:478][ 71]LogTexture:Display: Building textures: LQ_Lightmap_0_2 (DXT1)
[2014.10.28-14.11.13:493][ 71]LogTexture:Display: Building textures: HQ_Lightmap0_2 (AutoDXT)
[2014.10.28-14.11.13:519][ 71]LogTexture:Display: Building textures: LQ_Lightmap_1_1 (DXT1)
[2014.10.28-14.11.13:617][ 71]LogTexture:Display: Building textures: ShadowMapTexture2D_1 (BGRA8)
[2014.10.28-14.11.13:708][ 71]LogTexture:Display: Building textures: ShadowMapTexture2D_2 (BGRA8)
[2014.10.28-14.11.13:774][ 71]LogTexture:Display: Building textures: ShadowMapTexture2D_3 (BGRA8)
[2014.10.28-14.11.13:819][ 71]Lightmass on WALONO-TOUR: 1.18 sec total, 80 ms importing, 0 ms setup, 255 ms photons, 818 ms processing, 0 ms extra exporting [10/10 mappings]. Threads: 5.53 sec total, 1.32 sec processing.
[2014.10.28-14.11.13:837][ 71]LogStaticLightingSystem:Warning: Illumination: 6.53 sec (396 ms encoding lightmaps)
[2014.10.28-14.11.13:837][ 71]LogStaticLightingSystem: Lightmap texture memory:  0.7 MB (0.7 MB streaming, 0.0 MB non-streaming), 6 textures
[2014.10.28-14.11.13:837][ 71]LogStaticLightingSystem: Shadowmap texture memory: 0.0 MB (0.0 MB streaming, 0.0 MB non-streaming), 3 textures
[2014.10.28-14.11.14:188][ 72]Cmd: MAP CHECK NOTIFYRESULTS
[2014.10.28-14.11.14:189][ 72]MapCheck: New page: StartLvl - Oct 28, 2014, 4:11:14 PM
[2014.10.28-14.11.14:263][ 72]MapCheck: Info Map check complete: 0 Error(s), 0 Warning(s), took 74.041ms to complete.
[2014.10.28-14.11.18:524][406]LogEditorViewport: Clicking on Actor (LMB): BP_Sky_Sphere_C (BP_Sky_Shere)
[2014.10.28-14.11.25:210][133]Cmd: OBJ SAVEPACKAGE PACKAGE="/Game/StartLvl" FILE="../../../../../../Data/EPFL/Projet-bachelor/projet-oculus/ProjetOculusJDFZ/Content/StartLvl.umap" SILENT=true AUTOSAVING=false KEEPDIRTY=false
[2014.10.28-14.11.25:277][133]LogSavePackage: Save=48.994331ms
[2014.10.28-14.11.25:278][133]LogSavePackage: Moving '../../../../../../Data/EPFL/Projet-bachelor/projet-oculus/ProjetOculusJDFZ/Saved/StartLvlD67A921742E65D1150EB9EA7A79C8AD0.tmp' to '../../../../../../Data/EPFL/Projet-bachelor/projet-oculus/ProjetOculusJDFZ/Content/StartLvl.umap'
[2014.10.28-14.11.31:919][813]Cmd: OBJ SAVEPACKAGE PACKAGE="/Game/StartLvl" FILE="../../../../../../Data/EPFL/Projet-bachelor/projet-oculus/ProjetOculusJDFZ/Content/StartLvl.umap" SILENT=true AUTOSAVING=false KEEPDIRTY=false
[2014.10.28-14.11.31:977][813]LogSavePackage: Save=41.675217ms
[2014.10.28-14.11.31:977][813]LogSavePackage: Moving '../../../../../../Data/EPFL/Projet-bachelor/projet-oculus/ProjetOculusJDFZ/Saved/StartLvl5C198D9E4485FD63C279EC8BC9017FEB.tmp' to '../../../../../../Data/EPFL/Projet-bachelor/projet-oculus/ProjetOculusJDFZ/Content/StartLvl.umap'
[2014.10.28-14.11.35:659][163]Cmd: QUIT_EDITOR
[2014.10.28-14.11.35:875][163]LogExit: Preparing to exit.
[2014.10.28-14.11.36:226][163]LogExit: Editor shut down
[2014.10.28-14.11.36:227][163]LogExit: Transaction tracking system shut down
[2014.10.28-14.11.36:228][163]LogParticles: Destroying 0 GPU particle simulations for FXSystem 0x000000000B2A2AC0
[2014.10.28-14.11.36:246][163]LogParticles: Destroying 0 GPU particle simulations for FXSystem 0x000000000DE42840
[2014.10.28-14.11.36:247][163]LogParticles: Destroying 0 GPU particle simulations for FXSystem 0x000000000DE40220
[2014.10.28-14.11.36:247][163]LogExit: Object subsystem successfully closed.
[2014.10.28-14.11.36:281][163]LogModuleManager: Shutting down and abandoning module AndroidDeviceDetection (167)
[2014.10.28-14.11.36:281][163]LogModuleManager: Shutting down and abandoning module CrashTracker (166)
[2014.10.28-14.11.36:281][163]LogModuleManager: Shutting down and abandoning module SuperSearch (165)
[2014.10.28-14.11.36:281][163]LogModuleManager: Shutting down and abandoning module SceneOutliner (164)
[2014.10.28-14.11.36:282][163]LogModuleManager: Shutting down and abandoning module EditorWidgets (163)
[2014.10.28-14.11.36:282][163]LogModuleManager: Shutting down and abandoning module CollectionManager (162)
[2014.10.28-14.11.36:282][163]LogModuleManager: Shutting down and abandoning module StatsViewer (161)
[2014.10.28-14.11.36:282][163]LogModuleManager: Shutting down and abandoning module FoliageEdit (160)
[2014.10.28-14.11.36:282][163]LogModuleManager: Shutting down and abandoning module LandscapeEditor (159)
[2014.10.28-14.11.36:283][163]LogModuleManager: Shutting down and abandoning module MeshPaint (158)
[2014.10.28-14.11.36:283][163]LogModuleManager: Shutting down and abandoning module ActorPickerMode (157)
[2014.10.28-14.11.36:283][163]LogModuleManager: Shutting down and abandoning module GeometryMode (156)
[2014.10.28-14.11.36:283][163]LogModuleManager: Shutting down and abandoning module TextureAlignMode (155)
[2014.10.28-14.11.36:283][163]LogModuleManager: Shutting down and abandoning module BspMode (154)
[2014.10.28-14.11.36:284][163]LogModuleManager: Shutting down and abandoning module PlacementMode (153)
[2014.10.28-14.11.36:284][163]LogModuleManager: Shutting down and abandoning module AutomationWorker (152)
[2014.10.28-14.11.36:284][163]LogModuleManager: Shutting down and abandoning module CharacterAI (151)
[2014.10.28-14.11.36:284][163]LogModuleManager: Shutting down and abandoning module GameProjectGeneration (150)
[2014.10.28-14.11.36:284][163]LogModuleManager: Shutting down and abandoning module IntroTutorials (149)
[2014.10.28-14.11.36:284][163]LogModuleManager: Shutting down and abandoning module EditorLiveStreaming (148)
[2014.10.28-14.11.36:284][163]LogModuleManager: Shutting down and abandoning module HardwareTargeting (147)
[2014.10.28-14.11.36:285][163]LogModuleManager: Shutting down and abandoning module BehaviorTreeEditor (146)
[2014.10.28-14.11.36:285][163]LogModuleManager: Shutting down and abandoning module DeviceProfileEditor (145)
[2014.10.28-14.11.36:285][163]LogModuleManager: Shutting down and abandoning module UndoHistory (144)
[2014.10.28-14.11.36:285][163]LogModuleManager: Shutting down and abandoning module GameplayTagsEditor (143)
[2014.10.28-14.11.36:285][163]LogModuleManager: Shutting down and abandoning module UserFeedback (142)
[2014.10.28-14.11.36:285][163]LogModuleManager: Shutting down and abandoning module XmlParser (141)
[2014.10.28-14.11.36:286][163]LogModuleManager: Shutting down and abandoning module Blutility (140)
[2014.10.28-14.11.36:286][163]LogModuleManager: Shutting down and abandoning module IOSPlatformEditor (139)
[2014.10.28-14.11.36:286][163]LogModuleManager: Shutting down and abandoning module IOSRuntimeSettings (138)
[2014.10.28-14.11.36:286][163]LogModuleManager: Shutting down and abandoning module AndroidPlatformEditor (137)
[2014.10.28-14.11.36:286][163]LogModuleManager: Shutting down and abandoning module AndroidRuntimeSettings (136)
[2014.10.28-14.11.36:286][163]LogModuleManager: Shutting down and abandoning module ProjectTargetPlatformEditor (135)
[2014.10.28-14.11.36:287][163]LogModuleManager: Shutting down and abandoning module ProjectSettingsViewer (134)
[2014.10.28-14.11.36:287][163]LogModuleManager: Shutting down and abandoning module InputBindingEditor (133)
[2014.10.28-14.11.36:287][163]LogModuleManager: Shutting down and abandoning module EditorSettingsViewer (132)
[2014.10.28-14.11.36:287][163]LogModuleManager: Shutting down and abandoning module SettingsEditor (131)
[2014.10.28-14.11.36:287][163]LogModuleManager: Shutting down and abandoning module ProjectLauncher (130)
[2014.10.28-14.11.36:288][163]LogModuleManager: Shutting down and abandoning module SessionFrontend (129)
[2014.10.28-14.11.36:288][163]LogModuleManager: Shutting down and abandoning module ProfilerClient (128)
[2014.10.28-14.11.36:288][163]LogModuleManager: Shutting down and abandoning module TargetDeviceServices (127)
[2014.10.28-14.11.36:288][163]LogModuleManager: Shutting down and abandoning module DeviceManager (126)
[2014.10.28-14.11.36:288][163]LogModuleManager: Shutting down and abandoning module AutomationController (125)
[2014.10.28-14.11.36:288][163]LogModuleManager: Shutting down and abandoning module AutomationWindow (124)
[2014.10.28-14.11.36:289][163]LogModuleManager: Shutting down and abandoning module Layers (123)
[2014.10.28-14.11.36:289][163]LogModuleManager: Shutting down and abandoning module ComponentVisualizers (122)
[2014.10.28-14.11.36:289][163]LogModuleManager: Shutting down and abandoning module DetailCustomizations (121)
[2014.10.28-14.11.36:289][163]LogModuleManager: Shutting down and abandoning module PackagesDialog (120)
[2014.10.28-14.11.36:289][163]LogModuleManager: Shutting down and abandoning module AssetRegistry (119)
[2014.10.28-14.11.36:396][163]LogModuleManager: Shutting down and abandoning module Persona (118)
[2014.10.28-14.11.36:397][163]LogModuleManager: Shutting down and abandoning module Kismet (117)
[2014.10.28-14.11.36:398][163]LogModuleManager: Shutting down and abandoning module GraphEditor (116)
[2014.10.28-14.11.36:398][163]LogModuleManager: Shutting down and abandoning module ClassViewer (115)
[2014.10.28-14.11.36:398][163]LogModuleManager: Shutting down and abandoning module Toolbox (114)
[2014.10.28-14.11.36:399][163]LogModuleManager: Shutting down and abandoning module ModuleUI (113)
[2014.10.28-14.11.36:399][163]LogModuleManager: Shutting down and abandoning module MovieSceneTools (112)
[2014.10.28-14.11.36:399][163]LogModuleManager: Shutting down and abandoning module OutputLog (111)
[2014.10.28-14.11.36:400][163]LogModuleManager: Shutting down and abandoning module GammaUI (110)
[2014.10.28-14.11.36:400][163]LogModuleManager: Shutting down and abandoning module Documentation (109)
[2014.10.28-14.11.36:401][163]LogModuleManager: Shutting down and abandoning module GameLiveStreaming (108)
[2014.10.28-14.11.36:401][163]LogModuleManager: Shutting down and abandoning module StreamingPauseRendering (107)
[2014.10.28-14.11.36:402][163]LogModuleManager: Shutting down and abandoning module HTTP (106)
[2014.10.28-14.11.36:402][163]LogModuleManager: Shutting down and abandoning module AnalyticsET (105)
[2014.10.28-14.11.36:402][163]LogModuleManager: Shutting down and abandoning module Analytics (104)
[2014.10.28-14.11.36:403][163]LogModuleManager: Shutting down and abandoning module GameplayDebugger (103)
[2014.10.28-14.11.36:403][163]LogModuleManager: Shutting down and abandoning module AIModule (102)
[2014.10.28-14.11.36:404][163]LogModuleManager: Shutting down and abandoning module ProfilerService (101)
[2014.10.28-14.11.36:485][163]LogModuleManager: Shutting down and abandoning module TaskGraph (100)
[2014.10.28-14.11.36:485][163]LogModuleManager: Shutting down and abandoning module SlateRemote (99)
[2014.10.28-14.11.36:486][163]LogModuleManager: Shutting down and abandoning module ScriptEditorPlugin (98)
[2014.10.28-14.11.36:486][163]LogModuleManager: Shutting down and abandoning module CustomMeshComponent (97)
[2014.10.28-14.11.36:486][163]LogModuleManager: Shutting down and abandoning module CableComponent (96)
[2014.10.28-14.11.36:486][163]LogModuleManager: Shutting down and abandoning module MessagingDebugger (95)
[2014.10.28-14.11.36:486][163]LogModuleManager: Shutting down and abandoning module MediaPlayerEditor (94)
[2014.10.28-14.11.36:486][163]LogModuleManager: Shutting down and abandoning module SpeedTreeImporter (93)
[2014.10.28-14.11.36:487][163]LogModuleManager: Shutting down and abandoning module PluginsEditor (92)
[2014.10.28-14.11.36:487][163]LogModuleManager: Shutting down and abandoning module EpicSurvey (91)
[2014.10.28-14.11.36:487][163]LogModuleManager: Shutting down and abandoning module DesktopPlatform (90)
[2014.10.28-14.11.36:487][163]LogModuleManager: Shutting down and abandoning module VisualStudioSourceCodeAccess (89)
[2014.10.28-14.11.36:487][163]LogModuleManager: Shutting down and abandoning module UObjectPlugin (88)
[2014.10.28-14.11.36:488][163]LogModuleManager: Shutting down and abandoning module SubversionSourceControl (87)
[2014.10.28-14.11.36:488][163]LogModuleManager: Shutting down and abandoning module SourceControl (86)
[2014.10.28-14.11.36:488][163]LogModuleManager: Shutting down and abandoning module PerforceSourceControl (85)
[2014.10.28-14.11.36:488][163]LogModuleManager: Shutting down and abandoning module BlankPlugin (84)
[2014.10.28-14.11.36:488][163]LogModuleManager: Shutting down and abandoning module SlateReflector (83)
[2014.10.28-14.11.36:489][163]LogModuleManager: Shutting down and abandoning module DirectoryWatcher (82)
[2014.10.28-14.11.36:489][163]LogModuleManager: Shutting down and abandoning module HotReload (81)
[2014.10.28-14.11.36:489][163]LogModuleManager: Shutting down and abandoning module MainFrame (80)
[2014.10.28-14.11.36:489][163]LogModuleManager: Shutting down and abandoning module LevelEditor (79)
[2014.10.28-14.11.36:491][163]LogModuleManager: Shutting down and abandoning module ViewportSnapping (78)
[2014.10.28-14.11.36:491][163]LogModuleManager: Shutting down and abandoning module SmartSnapping (77)
[2014.10.28-14.11.36:491][163]LogModuleManager: Shutting down and abandoning module PaperTiledImporter (76)
[2014.10.28-14.11.36:492][163]LogModuleManager: Shutting down and abandoning module PaperJsonImporter (75)
[2014.10.28-14.11.36:492][163]LogModuleManager: Shutting down and abandoning module ContentBrowser (74)
[2014.10.28-14.11.36:492][163]LogModuleManager: Shutting down and abandoning module PropertyEditor (73)
[2014.10.28-14.11.36:492][163]LogModuleManager: Shutting down and abandoning module Paper2DEditor (72)
[2014.10.28-14.11.36:492][163]LogModuleManager: Shutting down and abandoning module ProjetOculusJDFZ (71)
[2014.10.28-14.11.36:492][163]LogModuleManager: Shutting down and abandoning module ScriptPlugin (70)
[2014.10.28-14.11.36:493][163]LogModuleManager: Shutting down and abandoning module UdpMessaging (69)
[2014.10.28-14.11.36:593][163]LogModuleManager: Shutting down and abandoning module Paper2D (68)
[2014.10.28-14.11.36:593][163]LogModuleManager: Shutting down and abandoning module WindowsMoviePlayer (67)
[2014.10.28-14.11.36:595][163]LogModuleManager: Shutting down and abandoning module Media (66)
[2014.10.28-14.11.36:595][163]LogModuleManager: Shutting down and abandoning module WmfMedia (65)
[2014.10.28-14.11.36:596][163]LogModuleManager: Shutting down and abandoning module OnlineBlueprintSupport (64)
[2014.10.28-14.11.36:596][163]LogModuleManager: Shutting down and abandoning module FunctionalTesting (63)
[2014.10.28-14.11.36:597][163]LogModuleManager: Shutting down and abandoning module CollisionAnalyzer (62)
[2014.10.28-14.11.36:597][163]LogModuleManager: Shutting down and abandoning module WorkspaceMenuStructure (61)
[2014.10.28-14.11.36:597][163]LogModuleManager: Shutting down and abandoning module MessageLog (60)
[2014.10.28-14.11.36:597][163]LogModuleManager: Shutting down and abandoning module Sequencer (59)
[2014.10.28-14.11.36:597][163]LogModuleManager: Shutting down and abandoning module AssetTools (58)
[2014.10.28-14.11.36:597][163]LogModuleManager: Shutting down and abandoning module UMGEditor (57)
[2014.10.28-14.11.36:597][163]LogModuleManager: Shutting down and abandoning module UMG (56)
[2014.10.28-14.11.36:598][163]LogModuleManager: Shutting down and abandoning module Slate (55)
[2014.10.28-14.11.36:598][163]LogModuleManager: Shutting down and abandoning module EditorStyle (54)
[2014.10.28-14.11.36:599][163]LogModuleManager: Shutting down and abandoning module SessionServices (53)
[2014.10.28-14.11.36:599][163]LogModuleManager: Shutting down and abandoning module SourceCodeAccess (52)
[2014.10.28-14.11.36:599][163]LogModuleManager: Shutting down and abandoning module HeadMountedDisplay (51)
[2014.10.28-14.11.36:599][163]LogModuleManager: Shutting down and abandoning module XAudio2 (50)
[2014.10.28-14.11.36:599][163]LogModuleManager: Shutting down and abandoning module Networking (48)
[2014.10.28-14.11.36:600][163]LogModuleManager: Shutting down and abandoning module Core (47)
[2014.10.28-14.11.36:600][163]LogModuleManager: Shutting down and abandoning module KismetCompiler (46)
[2014.10.28-14.11.36:600][163]LogModuleManager: Shutting down and abandoning module PhysXFormats (45)
[2014.10.28-14.11.36:600][163]LogModuleManager: Shutting down and abandoning module MeshUtilities (44)
[2014.10.28-14.11.36:600][163]LogModuleManager: Shutting down and abandoning module DerivedDataCache (43)
[2014.10.28-14.11.36:622][163]LogDerivedDataCache: Shutdown
[2014.10.28-14.11.36:627][163]LogModuleManager: Shutting down and abandoning module ShaderFormatOpenGL (42)
[2014.10.28-14.11.36:627][163]LogModuleManager: Shutting down and abandoning module ShaderFormatD3D (41)
[2014.10.28-14.11.36:627][163]LogModuleManager: Shutting down and abandoning module MetalShaderFormat (40)
[2014.10.28-14.11.36:627][163]LogModuleManager: Shutting down and abandoning module TextureFormatUncompressed (39)
[2014.10.28-14.11.36:628][163]LogModuleManager: Shutting down and abandoning module TextureFormatPVR (38)
[2014.10.28-14.11.36:628][163]LogModuleManager: Shutting down and abandoning module TextureFormatDXT (37)
[2014.10.28-14.11.36:628][163]LogModuleManager: Shutting down and abandoning module TextureFormatAndroid (36)
[2014.10.28-14.11.36:628][163]LogModuleManager: Shutting down and abandoning module AudioFormatOpus (35)
[2014.10.28-14.11.36:628][163]LogModuleManager: Shutting down and abandoning module AudioFormatOgg (34)
[2014.10.28-14.11.36:629][163]LogModuleManager: Shutting down and abandoning module AudioFormatADPCM (33)
[2014.10.28-14.11.36:629][163]LogModuleManager: Shutting down and abandoning module Messaging (32)
[2014.10.28-14.11.36:629][163]LogModuleManager: Shutting down and abandoning module IOSTargetPlatform (31)
[2014.10.28-14.11.36:629][163]LogModuleManager: Shutting down and abandoning module Android_PVRTCTargetPlatform (30)
[2014.10.28-14.11.36:629][163]LogModuleManager: Shutting down and abandoning module Android_ETC2TargetPlatform (29)
[2014.10.28-14.11.36:629][163]LogModuleManager: Shutting down and abandoning module Android_ETC1TargetPlatform (28)
[2014.10.28-14.11.36:629][163]LogModuleManager: Shutting down and abandoning module Android_DXTTargetPlatform (27)
[2014.10.28-14.11.36:630][163]LogModuleManager: Shutting down and abandoning module Android_ATCTargetPlatform (26)
[2014.10.28-14.11.36:630][163]LogModuleManager: Shutting down and abandoning module AndroidTargetPlatform (25)
[2014.10.28-14.11.36:630][163]LogModuleManager: Shutting down and abandoning module WindowsTargetPlatform (24)
[2014.10.28-14.11.36:630][163]LogModuleManager: Shutting down and abandoning module WindowsServerTargetPlatform (23)
[2014.10.28-14.11.36:630][163]LogModuleManager: Shutting down and abandoning module WindowsNoEditorTargetPlatform (22)
[2014.10.28-14.11.36:630][163]LogModuleManager: Shutting down and abandoning module WindowsClientTargetPlatform (21)
[2014.10.28-14.11.36:630][163]LogModuleManager: Shutting down and abandoning module TargetPlatform (20)
[2014.10.28-14.11.36:631][163]LogModuleManager: Shutting down and abandoning module InputCore (19)
[2014.10.28-14.11.36:631][163]LogModuleManager: Shutting down and abandoning module Settings (18)
[2014.10.28-14.11.36:631][163]LogModuleManager: Shutting down and abandoning module ImageWrapper (17)
[2014.10.28-14.11.36:631][163]LogModuleManager: Shutting down and abandoning module OculusRift (14)
[2014.10.28-14.11.36:631][163]LogModuleManager: Shutting down and abandoning module ExampleDeviceProfileSelector (13)
[2014.10.28-14.11.36:631][163]LogModuleManager: Shutting down and abandoning module TextureCompressor (12)
[2014.10.28-14.11.36:632][163]LogModuleManager: Shutting down and abandoning module ShaderCore (11)
[2014.10.28-14.11.36:632][163]LogModuleManager: Shutting down and abandoning module SlateRHIRenderer (10)
[2014.10.28-14.11.36:632][163]LogModuleManager: Shutting down and abandoning module OpenGLDrv (9)
[2014.10.28-14.11.36:632][163]LogModuleManager: Shutting down and abandoning module D3D11RHI (8)
[2014.10.28-14.11.36:633][163]LogModuleManager: Shutting down and abandoning module Renderer (7)
[2014.10.28-14.11.36:633][163]LogModuleManager: Shutting down and abandoning module Engine (6)
[2014.10.28-14.11.36:633][163]LogModuleManager: Shutting down and abandoning module CoreUObject (5)
[2014.10.28-14.11.36:633][163]LogModuleManager: Shutting down and abandoning module NetworkFile (4)
[2014.10.28-14.11.36:633][163]LogModuleManager: Shutting down and abandoning module StreamingFile (3)
[2014.10.28-14.11.36:633][163]LogModuleManager: Shutting down and abandoning module SandboxFile (2)
[2014.10.28-14.11.36:634][163]LogModuleManager: Shutting down and abandoning module PakFile (1)
[2014.10.28-14.11.36:635][163]LogExit: Exiting.
[2014.10.28-14.11.36:638][163]Log file closed, 10/28/14 15:11:36
