Build started 01.11.2014 18:39:17.
     1>Project "E:\Data\EPFL\Projet-bachelor\projet-oculus\ProjetOculusJDFZ\Intermediate\ProjectFiles\ProjetOculusJDFZ.vcxproj" on node 2 (Build target(s)).
     1>Build:
         "E:\programme\Epic Games\4.5\Engine\Build\BatchFiles\Build.bat" ProjetOculusJDFZEditor Win64 Development "E:\Data\EPFL\Projet-bachelor\projet-oculus\ProjetOculusJDFZ\ProjetOculusJDFZ.uproject" -rocket
         Performing 10 actions (4 in parallel)
         PCH.ProjetOculusJDFZ.ProjetOculusJDFZ.h.cpp
         ParseFromJson.cpp
         DataFromJson.cpp
         ProjetOculusJDFZ.generated.cpp
         ProjetOculusJDFZGameMode.cpp
         GameGeneratedActor.cpp
         GeneratedMeshComponent.cpp
         OculusCharacter.cpp
         ProjetOculusJDFZ.cpp
         [10/10] Link UE4Editor-ProjetOculusJDFZ.dll
            Creating library E:\Data\EPFL\Projet-bachelor\projet-oculus\ProjetOculusJDFZ\Intermediate\Build\Win64\ProjetOculusJDFZEditor\Development\UE4Editor-ProjetOculusJDFZ.lib and object E:\Data\EPFL\Projet-bachelor\projet-oculus\ProjetOculusJDFZ\Intermediate\Build\Win64\ProjetOculusJDFZEditor\Development\UE4Editor-ProjetOculusJDFZ.exp
         -------- End Detailed Actions Stats -----------------------------------------------------------
         Cumulative action seconds (8 processors): 0.00 building projects, 24.35 compiling, 0.00 creating app bundles, 0.00 generating debug info, 0.47 linking, 0.00 other
         UBT execution time: 23.78 seconds
     1>Done Building Project "E:\Data\EPFL\Projet-bachelor\projet-oculus\ProjetOculusJDFZ\Intermediate\ProjectFiles\ProjetOculusJDFZ.vcxproj" (Build target(s)).

Build succeeded.

Time Elapsed 00:00:23.95
